

Started GET "/" for 192.168.33.1 at 2015-12-31 03:10:21 +0000
Processing by Rails::WelcomeController#index as HTML
  Rendered /home/vagrant/.rvm/gems/ruby-2.3.0/gems/railties-4.2.5/lib/rails/templates/rails/welcome/index.html.erb (6.0ms)
Completed 200 OK in 35ms (Views: 35.1ms | ActiveRecord: 0.0ms)


Started GET "/" for 192.168.33.1 at 2015-12-31 03:13:53 +0000
Processing by Rails::WelcomeController#index as HTML
  Rendered /home/vagrant/.rvm/gems/ruby-2.3.0/gems/railties-4.2.5/lib/rails/templates/rails/welcome/index.html.erb (3.5ms)
Completed 200 OK in 21ms (Views: 21.0ms | ActiveRecord: 0.0ms)
  [1m[36m (3.6ms)[0m  [1mCREATE TABLE "schema_migrations" ("version" varchar NOT NULL) [0m
  [1m[35m (0.1ms)[0m  select sqlite_version(*)
  [1m[36m (4.0ms)[0m  [1mCREATE UNIQUE INDEX "unique_schema_migrations" ON "schema_migrations" ("version")[0m
  [1m[35mActiveRecord::SchemaMigration Load (1.2ms)[0m  SELECT "schema_migrations".* FROM "schema_migrations"
Migrating to CreateWebsites (20151231031723)
  [1m[36m (0.1ms)[0m  [1mbegin transaction[0m
  [1m[35m (2.7ms)[0m  CREATE TABLE "websites" ("id" INTEGER PRIMARY KEY AUTOINCREMENT NOT NULL, "name" varchar, "url" varchar, "alexa_global_rank" integer, "created_at" datetime NOT NULL, "updated_at" datetime NOT NULL) 
  [1m[36mSQL (0.9ms)[0m  [1mINSERT INTO "schema_migrations" ("version") VALUES (?)[0m  [["version", "20151231031723"]]
  [1m[35m (2.9ms)[0m  commit transaction
  [1m[36mActiveRecord::SchemaMigration Load (2.4ms)[0m  [1mSELECT "schema_migrations".* FROM "schema_migrations"[0m


Started GET "/" for 192.168.33.1 at 2015-12-31 03:35:57 +0000
  [1m[36mActiveRecord::SchemaMigration Load (1.1ms)[0m  [1mSELECT "schema_migrations".* FROM "schema_migrations"[0m
Processing by Rails::WelcomeController#index as HTML
  Rendered /home/vagrant/.rvm/gems/ruby-2.3.0/gems/railties-4.2.5/lib/rails/templates/rails/welcome/index.html.erb (6.2ms)
Completed 200 OK in 43ms (Views: 41.8ms | ActiveRecord: 0.0ms)


Started GET "/website" for 192.168.33.1 at 2015-12-31 03:36:04 +0000

ActionController::RoutingError (No route matches [GET] "/website"):
  actionpack (4.2.5) lib/action_dispatch/middleware/debug_exceptions.rb:21:in `call'
  actionpack (4.2.5) lib/action_dispatch/middleware/show_exceptions.rb:30:in `call'
  railties (4.2.5) lib/rails/rack/logger.rb:38:in `call_app'
  railties (4.2.5) lib/rails/rack/logger.rb:20:in `block in call'
  activesupport (4.2.5) lib/active_support/tagged_logging.rb:68:in `block in tagged'
  activesupport (4.2.5) lib/active_support/tagged_logging.rb:26:in `tagged'
  activesupport (4.2.5) lib/active_support/tagged_logging.rb:68:in `tagged'
  railties (4.2.5) lib/rails/rack/logger.rb:20:in `call'
  actionpack (4.2.5) lib/action_dispatch/middleware/request_id.rb:21:in `call'
  rack (1.6.4) lib/rack/runtime.rb:18:in `call'
  activesupport (4.2.5) lib/active_support/cache/strategy/local_cache_middleware.rb:28:in `call'
  rack (1.6.4) lib/rack/lock.rb:17:in `call'
  actionpack (4.2.5) lib/action_dispatch/middleware/static.rb:116:in `call'
  railties (4.2.5) lib/rails/engine.rb:518:in `call'
  railties (4.2.5) lib/rails/application.rb:165:in `call'
  rack (1.6.4) lib/rack/content_length.rb:15:in `call'
  puma (2.15.3) lib/puma/server.rb:541:in `handle_request'
  puma (2.15.3) lib/puma/server.rb:388:in `process_client'
  puma (2.15.3) lib/puma/server.rb:270:in `block in run'
  puma (2.15.3) lib/puma/thread_pool.rb:106:in `block in spawn_thread'


  Rendered /home/vagrant/.rvm/gems/ruby-2.3.0/gems/actionpack-4.2.5/lib/action_dispatch/middleware/templates/rescues/_trace.html.erb (1.7ms)
  Rendered /home/vagrant/.rvm/gems/ruby-2.3.0/gems/actionpack-4.2.5/lib/action_dispatch/middleware/templates/routes/_table.html.erb (37.3ms)
  Rendered /home/vagrant/.rvm/gems/ruby-2.3.0/gems/actionpack-4.2.5/lib/action_dispatch/middleware/templates/rescues/_request_and_response.html.erb (0.8ms)
  Rendered /home/vagrant/.rvm/gems/ruby-2.3.0/gems/actionpack-4.2.5/lib/action_dispatch/middleware/templates/rescues/routing_error.html.erb within rescues/layout (66.7ms)


Started GET "/website" for 192.168.33.1 at 2015-12-31 03:36:19 +0000
Processing by WebsiteController#index as HTML
  [1m[35mWebsite Load (3.2ms)[0m  SELECT "websites".* FROM "websites"
Completed 200 OK in 29ms (Views: 14.0ms | ActiveRecord: 3.3ms)


Started GET "/website/1" for 192.168.33.1 at 2015-12-31 03:36:22 +0000
Processing by WebsiteController#show as HTML
  Parameters: {"id"=>"1"}
  [1m[36mWebsite Load (1.3ms)[0m  [1mSELECT  "websites".* FROM "websites" WHERE "websites"."id" = ? LIMIT 1[0m  [["id", 1]]
Completed 404 Not Found in 34ms (ActiveRecord: 2.4ms)

ActiveRecord::RecordNotFound (Couldn't find Website with 'id'=1):
  app/controllers/website_controller.rb:7:in `show'


  Rendered /home/vagrant/.rvm/gems/ruby-2.3.0/gems/actionpack-4.2.5/lib/action_dispatch/middleware/templates/rescues/_source.erb (3.5ms)
  Rendered /home/vagrant/.rvm/gems/ruby-2.3.0/gems/actionpack-4.2.5/lib/action_dispatch/middleware/templates/rescues/_trace.html.erb (1.7ms)
  Rendered /home/vagrant/.rvm/gems/ruby-2.3.0/gems/actionpack-4.2.5/lib/action_dispatch/middleware/templates/rescues/_request_and_response.html.erb (1.0ms)
  Rendered /home/vagrant/.rvm/gems/ruby-2.3.0/gems/actionpack-4.2.5/lib/action_dispatch/middleware/templates/rescues/diagnostics.html.erb within rescues/layout (20.3ms)
  [1m[36mSQL (18.9ms)[0m  [1mDELETE FROM "websites"[0m
  [1m[36mSQL (20.0ms)[0m  [1mDELETE FROM "websites"[0m
  [1m[36mSQL (19.8ms)[0m  [1mDELETE FROM "websites"[0m
  [1m[36mSQL (12.3ms)[0m  [1mDELETE FROM "websites"[0m
  [1m[36mSQL (13.1ms)[0m  [1mDELETE FROM "websites"[0m
  [1m[36mSQL (20.4ms)[0m  [1mDELETE FROM "websites"[0m
  [1m[36mSQL (18.6ms)[0m  [1mDELETE FROM "websites"[0m
  [1m[36m (12.7ms)[0m  [1mDROP TABLE "websites"[0m
  [1m[35m (5.5ms)[0m  CREATE TABLE "websites" ("id" INTEGER PRIMARY KEY AUTOINCREMENT NOT NULL, "name" varchar, "url" varchar, "alexa_global_rank" integer, "created_at" datetime NOT NULL, "updated_at" datetime NOT NULL) 
  [1m[36m (1.6ms)[0m  [1mSELECT version FROM "schema_migrations"[0m
  [1m[35m (5.0ms)[0m  DROP TABLE "websites"
  [1m[36m (10.2ms)[0m  [1mCREATE TABLE "websites" ("id" INTEGER PRIMARY KEY AUTOINCREMENT NOT NULL, "name" varchar, "url" varchar, "alexa_global_rank" integer, "created_at" datetime NOT NULL, "updated_at" datetime NOT NULL) [0m
  [1m[35m (0.9ms)[0m  SELECT version FROM "schema_migrations"
  [1m[36mActiveRecord::SchemaMigration Load (1.6ms)[0m  [1mSELECT "schema_migrations".* FROM "schema_migrations"[0m
  [1m[36m (12.4ms)[0m  [1mCREATE TABLE "websites" ("id" INTEGER PRIMARY KEY AUTOINCREMENT NOT NULL, "name" varchar, "url" varchar, "alexa_global_rank" integer, "created_at" datetime NOT NULL, "updated_at" datetime NOT NULL) [0m
  [1m[35m (3.9ms)[0m  CREATE TABLE "schema_migrations" ("version" varchar NOT NULL) 
  [1m[36m (0.1ms)[0m  [1mselect sqlite_version(*)[0m
  [1m[35m (3.6ms)[0m  CREATE UNIQUE INDEX "unique_schema_migrations" ON "schema_migrations" ("version")
  [1m[36m (0.9ms)[0m  [1mSELECT version FROM "schema_migrations"[0m
  [1m[35m (4.8ms)[0m  INSERT INTO "schema_migrations" (version) VALUES ('20151231031723')
  [1m[36m (3.9ms)[0m  [1mCREATE TABLE "websites" ("id" INTEGER PRIMARY KEY AUTOINCREMENT NOT NULL, "name" varchar, "url" varchar, "alexa_global_rank" integer, "created_at" datetime NOT NULL, "updated_at" datetime NOT NULL) [0m
  [1m[35m (3.8ms)[0m  CREATE TABLE "schema_migrations" ("version" varchar NOT NULL) 
  [1m[36m (0.1ms)[0m  [1mselect sqlite_version(*)[0m
  [1m[35m (4.5ms)[0m  CREATE UNIQUE INDEX "unique_schema_migrations" ON "schema_migrations" ("version")
  [1m[36m (1.0ms)[0m  [1mSELECT version FROM "schema_migrations"[0m
  [1m[35m (7.8ms)[0m  INSERT INTO "schema_migrations" (version) VALUES ('20151231031723')
  [1m[36mActiveRecord::SchemaMigration Load (0.9ms)[0m  [1mSELECT "schema_migrations".* FROM "schema_migrations"[0m
  [1m[36m (13.1ms)[0m  [1mCREATE TABLE "schema_migrations" ("version" varchar NOT NULL) [0m
  [1m[35m (0.1ms)[0m  select sqlite_version(*)
  [1m[36m (5.3ms)[0m  [1mCREATE UNIQUE INDEX "unique_schema_migrations" ON "schema_migrations" ("version")[0m
  [1m[35mActiveRecord::SchemaMigration Load (1.1ms)[0m  SELECT "schema_migrations".* FROM "schema_migrations"
Migrating to CreateWebsites (20151231031723)
  [1m[36m (0.1ms)[0m  [1mbegin transaction[0m
  [1m[35m (2.2ms)[0m  CREATE TABLE "websites" ("id" INTEGER PRIMARY KEY AUTOINCREMENT NOT NULL, "name" varchar, "url" varchar, "alexa_global_rank" integer, "created_at" datetime NOT NULL, "updated_at" datetime NOT NULL) 
  [1m[36mSQL (0.7ms)[0m  [1mINSERT INTO "schema_migrations" ("version") VALUES (?)[0m  [["version", "20151231031723"]]
  [1m[35m (2.3ms)[0m  commit transaction
  [1m[36mActiveRecord::SchemaMigration Load (2.0ms)[0m  [1mSELECT "schema_migrations".* FROM "schema_migrations"[0m
  [1m[36m (11.7ms)[0m  [1mCREATE TABLE "websites" ("id" INTEGER PRIMARY KEY AUTOINCREMENT NOT NULL, "name" varchar, "url" varchar, "alexa_global_rank" integer, "created_at" datetime NOT NULL, "updated_at" datetime NOT NULL) [0m
  [1m[35m (5.3ms)[0m  CREATE TABLE "schema_migrations" ("version" varchar NOT NULL) 
  [1m[36m (0.1ms)[0m  [1mselect sqlite_version(*)[0m
  [1m[35m (3.9ms)[0m  CREATE UNIQUE INDEX "unique_schema_migrations" ON "schema_migrations" ("version")
  [1m[36m (1.3ms)[0m  [1mSELECT version FROM "schema_migrations"[0m
  [1m[35m (4.3ms)[0m  INSERT INTO "schema_migrations" (version) VALUES ('20151231031723')
  [1m[36m (4.4ms)[0m  [1mCREATE TABLE "websites" ("id" INTEGER PRIMARY KEY AUTOINCREMENT NOT NULL, "name" varchar, "url" varchar, "alexa_global_rank" integer, "created_at" datetime NOT NULL, "updated_at" datetime NOT NULL) [0m
  [1m[35m (4.8ms)[0m  CREATE TABLE "schema_migrations" ("version" varchar NOT NULL) 
  [1m[36m (0.1ms)[0m  [1mselect sqlite_version(*)[0m
  [1m[35m (3.7ms)[0m  CREATE UNIQUE INDEX "unique_schema_migrations" ON "schema_migrations" ("version")
  [1m[36m (0.9ms)[0m  [1mSELECT version FROM "schema_migrations"[0m
  [1m[35m (6.4ms)[0m  INSERT INTO "schema_migrations" (version) VALUES ('20151231031723')
  [1m[36mActiveRecord::SchemaMigration Load (1.3ms)[0m  [1mSELECT "schema_migrations".* FROM "schema_migrations"[0m
  [1m[36m (14.5ms)[0m  [1mDROP TABLE "websites"[0m
  [1m[35m (6.7ms)[0m  CREATE TABLE "websites" ("id" INTEGER PRIMARY KEY AUTOINCREMENT NOT NULL, "name" varchar, "url" varchar, "alexa_global_rank" integer, "created_at" datetime NOT NULL, "updated_at" datetime NOT NULL) 
  [1m[36m (0.9ms)[0m  [1mSELECT version FROM "schema_migrations"[0m
  [1m[35m (5.6ms)[0m  DROP TABLE "websites"
  [1m[36m (5.1ms)[0m  [1mCREATE TABLE "websites" ("id" INTEGER PRIMARY KEY AUTOINCREMENT NOT NULL, "name" varchar, "url" varchar, "alexa_global_rank" integer, "created_at" datetime NOT NULL, "updated_at" datetime NOT NULL) [0m
  [1m[35m (1.9ms)[0m  SELECT version FROM "schema_migrations"
  [1m[36mActiveRecord::SchemaMigration Load (1.7ms)[0m  [1mSELECT "schema_migrations".* FROM "schema_migrations"[0m
  [1m[36m (13.9ms)[0m  [1mCREATE TABLE "schema_migrations" ("version" varchar NOT NULL) [0m
  [1m[35m (0.1ms)[0m  select sqlite_version(*)
  [1m[36m (5.9ms)[0m  [1mCREATE UNIQUE INDEX "unique_schema_migrations" ON "schema_migrations" ("version")[0m
  [1m[35mActiveRecord::SchemaMigration Load (1.1ms)[0m  SELECT "schema_migrations".* FROM "schema_migrations"
Migrating to CreateWebsites (20151231031723)
  [1m[36m (0.1ms)[0m  [1mbegin transaction[0m
  [1m[35m (3.5ms)[0m  CREATE TABLE "websites" ("id" INTEGER PRIMARY KEY AUTOINCREMENT NOT NULL, "url" varchar NOT NULL, "reach" varchar, "rank" integer NOT NULL, "page_views_per_million" integer, "page_views_per_user" decimal, "created_at" datetime NOT NULL, "updated_at" datetime NOT NULL) 
  [1m[36mSQL (1.0ms)[0m  [1mINSERT INTO "schema_migrations" ("version") VALUES (?)[0m  [["version", "20151231031723"]]
  [1m[35m (3.1ms)[0m  commit transaction
  [1m[36mActiveRecord::SchemaMigration Load (3.5ms)[0m  [1mSELECT "schema_migrations".* FROM "schema_migrations"[0m
  [1m[36mSQL (18.7ms)[0m  [1mDELETE FROM "websites"[0m
  [1m[36mSQL (19.6ms)[0m  [1mDELETE FROM "websites"[0m
  [1m[36mSQL (21.8ms)[0m  [1mDELETE FROM "websites"[0m
  [1m[36mSQL (18.2ms)[0m  [1mDELETE FROM "websites"[0m
  [1m[36mSQL (13.3ms)[0m  [1mDELETE FROM "websites"[0m
  [1m[35m (0.1ms)[0m  begin transaction
  [1m[36mSQL (5.6ms)[0m  [1mINSERT INTO "websites" ("url", "rank", "page_views_per_user", "page_views_per_million", "created_at", "updated_at") VALUES (?, ?, ?, ?, ?, ?)[0m  [["url", "google.com"], ["rank", 1], ["page_views_per_user", 19.53], ["page_views_per_million", 105242], ["created_at", "2015-12-31 14:03:10.575176"], ["updated_at", "2015-12-31 14:03:10.575176"]]
  [1m[35m (2.4ms)[0m  commit transaction
  [1m[36m (0.1ms)[0m  [1mbegin transaction[0m
  [1m[35mSQL (4.1ms)[0m  INSERT INTO "websites" ("url", "rank", "page_views_per_user", "page_views_per_million", "created_at", "updated_at") VALUES (?, ?, ?, ?, ?, ?)  [["url", "facebook.com"], ["rank", 2], ["page_views_per_user", 12.77], ["page_views_per_million", 56430], ["created_at", "2015-12-31 14:03:12.080416"], ["updated_at", "2015-12-31 14:03:12.080416"]]
  [1m[36m (2.6ms)[0m  [1mcommit transaction[0m
  [1m[35m (0.1ms)[0m  begin transaction
  [1m[36mSQL (4.1ms)[0m  [1mINSERT INTO "websites" ("url", "rank", "page_views_per_user", "page_views_per_million", "created_at", "updated_at") VALUES (?, ?, ?, ?, ?, ?)[0m  [["url", "youtube.com"], ["rank", 3], ["page_views_per_user", 10.7], ["page_views_per_million", 43755], ["created_at", "2015-12-31 14:03:12.697160"], ["updated_at", "2015-12-31 14:03:12.697160"]]
  [1m[35m (2.5ms)[0m  commit transaction
  [1m[36m (0.1ms)[0m  [1mbegin transaction[0m
  [1m[35mSQL (3.7ms)[0m  INSERT INTO "websites" ("url", "rank", "page_views_per_user", "page_views_per_million", "created_at", "updated_at") VALUES (?, ?, ?, ?, ?, ?)  [["url", "baidu.com"], ["rank", 4], ["page_views_per_user", 8.48], ["page_views_per_million", 14295], ["created_at", "2015-12-31 14:03:13.168839"], ["updated_at", "2015-12-31 14:03:13.168839"]]
  [1m[36m (3.3ms)[0m  [1mcommit transaction[0m
  [1m[35m (0.1ms)[0m  begin transaction
  [1m[36mSQL (4.2ms)[0m  [1mINSERT INTO "websites" ("url", "rank", "page_views_per_user", "page_views_per_million", "created_at", "updated_at") VALUES (?, ?, ?, ?, ?, ?)[0m  [["url", "amazon.com"], ["rank", 5], ["page_views_per_user", 15.65], ["page_views_per_million", 19728], ["created_at", "2015-12-31 14:03:13.585954"], ["updated_at", "2015-12-31 14:03:13.585954"]]
  [1m[35m (2.5ms)[0m  commit transaction
  [1m[36mWebsite Load (8.8ms)[0m  [1mSELECT "websites".* FROM "websites"[0m


Started GET "/" for 192.168.33.1 at 2015-12-31 14:04:54 +0000
  [1m[36mActiveRecord::SchemaMigration Load (2.0ms)[0m  [1mSELECT "schema_migrations".* FROM "schema_migrations"[0m
Processing by Rails::WelcomeController#index as HTML
  Rendered /home/vagrant/.rvm/gems/ruby-2.3.0/gems/railties-4.2.5/lib/rails/templates/rails/welcome/index.html.erb (9.1ms)
Completed 200 OK in 45ms (Views: 45.1ms | ActiveRecord: 0.0ms)


Started GET "/websites" for 192.168.33.1 at 2015-12-31 14:05:00 +0000

ActionController::RoutingError (No route matches [GET] "/websites"):
  actionpack (4.2.5) lib/action_dispatch/middleware/debug_exceptions.rb:21:in `call'
  actionpack (4.2.5) lib/action_dispatch/middleware/show_exceptions.rb:30:in `call'
  railties (4.2.5) lib/rails/rack/logger.rb:38:in `call_app'
  railties (4.2.5) lib/rails/rack/logger.rb:20:in `block in call'
  activesupport (4.2.5) lib/active_support/tagged_logging.rb:68:in `block in tagged'
  activesupport (4.2.5) lib/active_support/tagged_logging.rb:26:in `tagged'
  activesupport (4.2.5) lib/active_support/tagged_logging.rb:68:in `tagged'
  railties (4.2.5) lib/rails/rack/logger.rb:20:in `call'
  actionpack (4.2.5) lib/action_dispatch/middleware/request_id.rb:21:in `call'
  rack (1.6.4) lib/rack/runtime.rb:18:in `call'
  activesupport (4.2.5) lib/active_support/cache/strategy/local_cache_middleware.rb:28:in `call'
  rack (1.6.4) lib/rack/lock.rb:17:in `call'
  actionpack (4.2.5) lib/action_dispatch/middleware/static.rb:116:in `call'
  railties (4.2.5) lib/rails/engine.rb:518:in `call'
  railties (4.2.5) lib/rails/application.rb:165:in `call'
  rack (1.6.4) lib/rack/content_length.rb:15:in `call'
  puma (2.15.3) lib/puma/server.rb:541:in `handle_request'
  puma (2.15.3) lib/puma/server.rb:388:in `process_client'
  puma (2.15.3) lib/puma/server.rb:270:in `block in run'
  puma (2.15.3) lib/puma/thread_pool.rb:106:in `block in spawn_thread'


  Rendered /home/vagrant/.rvm/gems/ruby-2.3.0/gems/actionpack-4.2.5/lib/action_dispatch/middleware/templates/rescues/_trace.html.erb (1.4ms)
  Rendered /home/vagrant/.rvm/gems/ruby-2.3.0/gems/actionpack-4.2.5/lib/action_dispatch/middleware/templates/routes/_route.html.erb (2.2ms)
  Rendered /home/vagrant/.rvm/gems/ruby-2.3.0/gems/actionpack-4.2.5/lib/action_dispatch/middleware/templates/routes/_table.html.erb (33.3ms)
  Rendered /home/vagrant/.rvm/gems/ruby-2.3.0/gems/actionpack-4.2.5/lib/action_dispatch/middleware/templates/rescues/_request_and_response.html.erb (1.0ms)
  Rendered /home/vagrant/.rvm/gems/ruby-2.3.0/gems/actionpack-4.2.5/lib/action_dispatch/middleware/templates/rescues/routing_error.html.erb within rescues/layout (73.4ms)


Started GET "/websites/show/1" for 192.168.33.1 at 2015-12-31 14:05:03 +0000

ActionController::RoutingError (No route matches [GET] "/websites/show/1"):
  actionpack (4.2.5) lib/action_dispatch/middleware/debug_exceptions.rb:21:in `call'
  actionpack (4.2.5) lib/action_dispatch/middleware/show_exceptions.rb:30:in `call'
  railties (4.2.5) lib/rails/rack/logger.rb:38:in `call_app'
  railties (4.2.5) lib/rails/rack/logger.rb:20:in `block in call'
  activesupport (4.2.5) lib/active_support/tagged_logging.rb:68:in `block in tagged'
  activesupport (4.2.5) lib/active_support/tagged_logging.rb:26:in `tagged'
  activesupport (4.2.5) lib/active_support/tagged_logging.rb:68:in `tagged'
  railties (4.2.5) lib/rails/rack/logger.rb:20:in `call'
  actionpack (4.2.5) lib/action_dispatch/middleware/request_id.rb:21:in `call'
  rack (1.6.4) lib/rack/runtime.rb:18:in `call'
  activesupport (4.2.5) lib/active_support/cache/strategy/local_cache_middleware.rb:28:in `call'
  rack (1.6.4) lib/rack/lock.rb:17:in `call'
  actionpack (4.2.5) lib/action_dispatch/middleware/static.rb:116:in `call'
  railties (4.2.5) lib/rails/engine.rb:518:in `call'
  railties (4.2.5) lib/rails/application.rb:165:in `call'
  rack (1.6.4) lib/rack/content_length.rb:15:in `call'
  puma (2.15.3) lib/puma/server.rb:541:in `handle_request'
  puma (2.15.3) lib/puma/server.rb:388:in `process_client'
  puma (2.15.3) lib/puma/server.rb:270:in `block in run'
  puma (2.15.3) lib/puma/thread_pool.rb:106:in `block in spawn_thread'


  Rendered /home/vagrant/.rvm/gems/ruby-2.3.0/gems/actionpack-4.2.5/lib/action_dispatch/middleware/templates/rescues/_trace.html.erb (1.9ms)
  Rendered /home/vagrant/.rvm/gems/ruby-2.3.0/gems/actionpack-4.2.5/lib/action_dispatch/middleware/templates/routes/_route.html.erb (1.2ms)
  Rendered /home/vagrant/.rvm/gems/ruby-2.3.0/gems/actionpack-4.2.5/lib/action_dispatch/middleware/templates/routes/_table.html.erb (1.7ms)
  Rendered /home/vagrant/.rvm/gems/ruby-2.3.0/gems/actionpack-4.2.5/lib/action_dispatch/middleware/templates/rescues/_request_and_response.html.erb (1.3ms)
  Rendered /home/vagrant/.rvm/gems/ruby-2.3.0/gems/actionpack-4.2.5/lib/action_dispatch/middleware/templates/rescues/routing_error.html.erb within rescues/layout (24.2ms)


Started GET "/website/show/1" for 192.168.33.1 at 2015-12-31 14:05:11 +0000

ActionController::RoutingError (No route matches [GET] "/website/show/1"):
  actionpack (4.2.5) lib/action_dispatch/middleware/debug_exceptions.rb:21:in `call'
  actionpack (4.2.5) lib/action_dispatch/middleware/show_exceptions.rb:30:in `call'
  railties (4.2.5) lib/rails/rack/logger.rb:38:in `call_app'
  railties (4.2.5) lib/rails/rack/logger.rb:20:in `block in call'
  activesupport (4.2.5) lib/active_support/tagged_logging.rb:68:in `block in tagged'
  activesupport (4.2.5) lib/active_support/tagged_logging.rb:26:in `tagged'
  activesupport (4.2.5) lib/active_support/tagged_logging.rb:68:in `tagged'
  railties (4.2.5) lib/rails/rack/logger.rb:20:in `call'
  actionpack (4.2.5) lib/action_dispatch/middleware/request_id.rb:21:in `call'
  rack (1.6.4) lib/rack/runtime.rb:18:in `call'
  activesupport (4.2.5) lib/active_support/cache/strategy/local_cache_middleware.rb:28:in `call'
  rack (1.6.4) lib/rack/lock.rb:17:in `call'
  actionpack (4.2.5) lib/action_dispatch/middleware/static.rb:116:in `call'
  railties (4.2.5) lib/rails/engine.rb:518:in `call'
  railties (4.2.5) lib/rails/application.rb:165:in `call'
  rack (1.6.4) lib/rack/content_length.rb:15:in `call'
  puma (2.15.3) lib/puma/server.rb:541:in `handle_request'
  puma (2.15.3) lib/puma/server.rb:388:in `process_client'
  puma (2.15.3) lib/puma/server.rb:270:in `block in run'
  puma (2.15.3) lib/puma/thread_pool.rb:106:in `block in spawn_thread'


  Rendered /home/vagrant/.rvm/gems/ruby-2.3.0/gems/actionpack-4.2.5/lib/action_dispatch/middleware/templates/rescues/_trace.html.erb (3.5ms)
  Rendered /home/vagrant/.rvm/gems/ruby-2.3.0/gems/actionpack-4.2.5/lib/action_dispatch/middleware/templates/routes/_route.html.erb (1.3ms)
  Rendered /home/vagrant/.rvm/gems/ruby-2.3.0/gems/actionpack-4.2.5/lib/action_dispatch/middleware/templates/routes/_table.html.erb (1.4ms)
  Rendered /home/vagrant/.rvm/gems/ruby-2.3.0/gems/actionpack-4.2.5/lib/action_dispatch/middleware/templates/rescues/_request_and_response.html.erb (1.5ms)
  Rendered /home/vagrant/.rvm/gems/ruby-2.3.0/gems/actionpack-4.2.5/lib/action_dispatch/middleware/templates/rescues/routing_error.html.erb within rescues/layout (24.2ms)


Started GET "/websites/show/1" for 192.168.33.1 at 2015-12-31 14:05:22 +0000

ActionController::RoutingError (No route matches [GET] "/websites/show/1"):
  actionpack (4.2.5) lib/action_dispatch/middleware/debug_exceptions.rb:21:in `call'
  actionpack (4.2.5) lib/action_dispatch/middleware/show_exceptions.rb:30:in `call'
  railties (4.2.5) lib/rails/rack/logger.rb:38:in `call_app'
  railties (4.2.5) lib/rails/rack/logger.rb:20:in `block in call'
  activesupport (4.2.5) lib/active_support/tagged_logging.rb:68:in `block in tagged'
  activesupport (4.2.5) lib/active_support/tagged_logging.rb:26:in `tagged'
  activesupport (4.2.5) lib/active_support/tagged_logging.rb:68:in `tagged'
  railties (4.2.5) lib/rails/rack/logger.rb:20:in `call'
  actionpack (4.2.5) lib/action_dispatch/middleware/request_id.rb:21:in `call'
  rack (1.6.4) lib/rack/runtime.rb:18:in `call'
  activesupport (4.2.5) lib/active_support/cache/strategy/local_cache_middleware.rb:28:in `call'
  rack (1.6.4) lib/rack/lock.rb:17:in `call'
  actionpack (4.2.5) lib/action_dispatch/middleware/static.rb:116:in `call'
  railties (4.2.5) lib/rails/engine.rb:518:in `call'
  railties (4.2.5) lib/rails/application.rb:165:in `call'
  rack (1.6.4) lib/rack/content_length.rb:15:in `call'
  puma (2.15.3) lib/puma/server.rb:541:in `handle_request'
  puma (2.15.3) lib/puma/server.rb:388:in `process_client'
  puma (2.15.3) lib/puma/server.rb:270:in `block in run'
  puma (2.15.3) lib/puma/thread_pool.rb:106:in `block in spawn_thread'


  Rendered /home/vagrant/.rvm/gems/ruby-2.3.0/gems/actionpack-4.2.5/lib/action_dispatch/middleware/templates/rescues/_trace.html.erb (1.3ms)
  Rendered /home/vagrant/.rvm/gems/ruby-2.3.0/gems/actionpack-4.2.5/lib/action_dispatch/middleware/templates/routes/_route.html.erb (1.7ms)
  Rendered /home/vagrant/.rvm/gems/ruby-2.3.0/gems/actionpack-4.2.5/lib/action_dispatch/middleware/templates/routes/_table.html.erb (1.3ms)
  Rendered /home/vagrant/.rvm/gems/ruby-2.3.0/gems/actionpack-4.2.5/lib/action_dispatch/middleware/templates/rescues/_request_and_response.html.erb (1.0ms)
  Rendered /home/vagrant/.rvm/gems/ruby-2.3.0/gems/actionpack-4.2.5/lib/action_dispatch/middleware/templates/rescues/routing_error.html.erb within rescues/layout (24.1ms)


Started GET "/websites/1" for 192.168.33.1 at 2015-12-31 14:05:26 +0000

ActionController::RoutingError (No route matches [GET] "/websites/1"):
  actionpack (4.2.5) lib/action_dispatch/middleware/debug_exceptions.rb:21:in `call'
  actionpack (4.2.5) lib/action_dispatch/middleware/show_exceptions.rb:30:in `call'
  railties (4.2.5) lib/rails/rack/logger.rb:38:in `call_app'
  railties (4.2.5) lib/rails/rack/logger.rb:20:in `block in call'
  activesupport (4.2.5) lib/active_support/tagged_logging.rb:68:in `block in tagged'
  activesupport (4.2.5) lib/active_support/tagged_logging.rb:26:in `tagged'
  activesupport (4.2.5) lib/active_support/tagged_logging.rb:68:in `tagged'
  railties (4.2.5) lib/rails/rack/logger.rb:20:in `call'
  actionpack (4.2.5) lib/action_dispatch/middleware/request_id.rb:21:in `call'
  rack (1.6.4) lib/rack/runtime.rb:18:in `call'
  activesupport (4.2.5) lib/active_support/cache/strategy/local_cache_middleware.rb:28:in `call'
  rack (1.6.4) lib/rack/lock.rb:17:in `call'
  actionpack (4.2.5) lib/action_dispatch/middleware/static.rb:116:in `call'
  railties (4.2.5) lib/rails/engine.rb:518:in `call'
  railties (4.2.5) lib/rails/application.rb:165:in `call'
  rack (1.6.4) lib/rack/content_length.rb:15:in `call'
  puma (2.15.3) lib/puma/server.rb:541:in `handle_request'
  puma (2.15.3) lib/puma/server.rb:388:in `process_client'
  puma (2.15.3) lib/puma/server.rb:270:in `block in run'
  puma (2.15.3) lib/puma/thread_pool.rb:106:in `block in spawn_thread'


  Rendered /home/vagrant/.rvm/gems/ruby-2.3.0/gems/actionpack-4.2.5/lib/action_dispatch/middleware/templates/rescues/_trace.html.erb (1.9ms)
  Rendered /home/vagrant/.rvm/gems/ruby-2.3.0/gems/actionpack-4.2.5/lib/action_dispatch/middleware/templates/routes/_route.html.erb (1.8ms)
  Rendered /home/vagrant/.rvm/gems/ruby-2.3.0/gems/actionpack-4.2.5/lib/action_dispatch/middleware/templates/routes/_table.html.erb (1.6ms)
  Rendered /home/vagrant/.rvm/gems/ruby-2.3.0/gems/actionpack-4.2.5/lib/action_dispatch/middleware/templates/rescues/_request_and_response.html.erb (1.3ms)
  Rendered /home/vagrant/.rvm/gems/ruby-2.3.0/gems/actionpack-4.2.5/lib/action_dispatch/middleware/templates/rescues/routing_error.html.erb within rescues/layout (26.8ms)


Started GET "/website/1" for 192.168.33.1 at 2015-12-31 14:05:29 +0000
Processing by WebsiteController#show as HTML
  Parameters: {"id"=>"1"}
  [1m[35mWebsite Load (1.5ms)[0m  SELECT  "websites".* FROM "websites" WHERE "websites"."id" = ? LIMIT 1  [["id", 1]]
Completed 200 OK in 82ms (Views: 24.6ms | ActiveRecord: 2.7ms)


Started GET "/website/" for 192.168.33.1 at 2015-12-31 14:05:33 +0000
Processing by WebsiteController#index as HTML
  [1m[36mWebsite Load (1.4ms)[0m  [1mSELECT "websites".* FROM "websites"[0m
Completed 200 OK in 8ms (Views: 6.6ms | ActiveRecord: 1.4ms)


Started GET "/website/" for 192.168.33.1 at 2015-12-31 14:05:54 +0000
Processing by WebsiteController#index as HTML
  [1m[35mWebsite Load (1.2ms)[0m  SELECT "websites".* FROM "websites"
Completed 200 OK in 4ms (Views: 2.1ms | ActiveRecord: 1.2ms)


Started GET "/website/" for 192.168.33.1 at 2015-12-31 14:05:55 +0000
Processing by WebsiteController#index as HTML
  [1m[36mWebsite Load (2.8ms)[0m  [1mSELECT "websites".* FROM "websites"[0m
Completed 200 OK in 47ms (Views: 21.3ms | ActiveRecord: 4.9ms)


Started GET "/website/" for 192.168.33.1 at 2015-12-31 14:06:18 +0000
Processing by WebsiteController#index as HTML
  [1m[35mWebsite Load (1.2ms)[0m  SELECT "websites".* FROM "websites"
Completed 200 OK in 4ms (Views: 2.2ms | ActiveRecord: 1.2ms)


Started GET "/website/" for 192.168.33.1 at 2015-12-31 14:06:19 +0000
Processing by WebsiteController#index as HTML
  [1m[36mWebsite Load (3.4ms)[0m  [1mSELECT "websites".* FROM "websites"[0m
Completed 200 OK in 43ms (Views: 20.2ms | ActiveRecord: 4.7ms)


Started GET "/website/" for 192.168.33.1 at 2015-12-31 14:06:20 +0000
Processing by WebsiteController#index as HTML
  [1m[35mWebsite Load (1.8ms)[0m  SELECT "websites".* FROM "websites"
Completed 200 OK in 4ms (Views: 2.2ms | ActiveRecord: 1.8ms)
  [1m[36mSQL (20.9ms)[0m  [1mDELETE FROM "websites"[0m
  [1m[36m (14.3ms)[0m  [1mCREATE TABLE "schema_migrations" ("version" varchar NOT NULL) [0m
  [1m[35m (0.2ms)[0m  select sqlite_version(*)
  [1m[36m (5.8ms)[0m  [1mCREATE UNIQUE INDEX "unique_schema_migrations" ON "schema_migrations" ("version")[0m
  [1m[35mActiveRecord::SchemaMigration Load (1.5ms)[0m  SELECT "schema_migrations".* FROM "schema_migrations"
Migrating to CreateWebsites (20151231031723)
  [1m[36m (0.1ms)[0m  [1mbegin transaction[0m
  [1m[35m (3.9ms)[0m  CREATE TABLE "websites" ("id" INTEGER PRIMARY KEY AUTOINCREMENT NOT NULL, "url" varchar NOT NULL, "reach" integer(8), "rank" integer NOT NULL, "page_views_per_million" integer, "page_views_per_user" decimal, "created_at" datetime NOT NULL, "updated_at" datetime NOT NULL) 
  [1m[36mSQL (0.6ms)[0m  [1mINSERT INTO "schema_migrations" ("version") VALUES (?)[0m  [["version", "20151231031723"]]
  [1m[35m (2.5ms)[0m  commit transaction
  [1m[36mActiveRecord::SchemaMigration Load (1.7ms)[0m  [1mSELECT "schema_migrations".* FROM "schema_migrations"[0m
  [1m[36mSQL (19.9ms)[0m  [1mDELETE FROM "websites"[0m
  [1m[35m (0.1ms)[0m  begin transaction
  [1m[36mSQL (4.2ms)[0m  [1mINSERT INTO "websites" ("url", "rank", "reach", "page_views_per_user", "page_views_per_million", "created_at", "updated_at") VALUES (?, ?, ?, ?, ?, ?, ?)[0m  [["url", "google.com"], ["rank", 1], ["reach", 439500000000], ["page_views_per_user", 19.53], ["page_views_per_million", 105242], ["created_at", "2015-12-31 14:09:07.619022"], ["updated_at", "2015-12-31 14:09:07.619022"]]
  [1m[35m (10.2ms)[0m  commit transaction
  [1m[36m (0.1ms)[0m  [1mbegin transaction[0m
  [1m[35mSQL (4.3ms)[0m  INSERT INTO "websites" ("url", "rank", "reach", "page_views_per_user", "page_views_per_million", "created_at", "updated_at") VALUES (?, ?, ?, ?, ?, ?, ?)  [["url", "facebook.com"], ["rank", 2], ["reach", 360300000000], ["page_views_per_user", 12.77], ["page_views_per_million", 56430], ["created_at", "2015-12-31 14:09:07.642301"], ["updated_at", "2015-12-31 14:09:07.642301"]]
  [1m[36m (2.5ms)[0m  [1mcommit transaction[0m
  [1m[35m (0.1ms)[0m  begin transaction
  [1m[36mSQL (3.3ms)[0m  [1mINSERT INTO "websites" ("url", "rank", "reach", "page_views_per_user", "page_views_per_million", "created_at", "updated_at") VALUES (?, ?, ?, ?, ?, ?, ?)[0m  [["url", "youtube.com"], ["rank", 3], ["reach", 333600000000], ["page_views_per_user", 10.7], ["page_views_per_million", 43755], ["created_at", "2015-12-31 14:09:07.651373"], ["updated_at", "2015-12-31 14:09:07.651373"]]
  [1m[35m (2.8ms)[0m  commit transaction
  [1m[36m (0.0ms)[0m  [1mbegin transaction[0m
  [1m[35mSQL (3.2ms)[0m  INSERT INTO "websites" ("url", "rank", "reach", "page_views_per_user", "page_views_per_million", "created_at", "updated_at") VALUES (?, ?, ?, ?, ?, ?, ?)  [["url", "baidu.com"], ["rank", 4], ["reach", 137400000000], ["page_views_per_user", 8.48], ["page_views_per_million", 14295], ["created_at", "2015-12-31 14:09:07.659305"], ["updated_at", "2015-12-31 14:09:07.659305"]]
  [1m[36m (2.5ms)[0m  [1mcommit transaction[0m
  [1m[35m (0.1ms)[0m  begin transaction
  [1m[36mSQL (4.1ms)[0m  [1mINSERT INTO "websites" ("url", "rank", "reach", "page_views_per_user", "page_views_per_million", "created_at", "updated_at") VALUES (?, ?, ?, ?, ?, ?, ?)[0m  [["url", "amazon.com"], ["rank", 5], ["reach", 102820000000], ["page_views_per_user", 15.65], ["page_views_per_million", 19728], ["created_at", "2015-12-31 14:09:07.666710"], ["updated_at", "2015-12-31 14:09:07.666710"]]
  [1m[35m (2.5ms)[0m  commit transaction
  [1m[36m (0.1ms)[0m  [1mbegin transaction[0m
  [1m[35mSQL (3.6ms)[0m  INSERT INTO "websites" ("url", "rank", "reach", "page_views_per_user", "page_views_per_million", "created_at", "updated_at") VALUES (?, ?, ?, ?, ?, ?, ?)  [["url", "yahoo.com"], ["rank", 6], ["reach", 120500000000], ["page_views_per_user", 7.44], ["page_views_per_million", 10993], ["created_at", "2015-12-31 14:09:07.675148"], ["updated_at", "2015-12-31 14:09:07.675148"]]
  [1m[36m (2.4ms)[0m  [1mcommit transaction[0m
  [1m[35m (0.1ms)[0m  begin transaction
  [1m[36mSQL (3.0ms)[0m  [1mINSERT INTO "websites" ("url", "rank", "reach", "page_views_per_user", "page_views_per_million", "created_at", "updated_at") VALUES (?, ?, ?, ?, ?, ?, ?)[0m  [["url", "wikipedia.org"], ["rank", 7], ["reach", 96600000000], ["page_views_per_user", 3.78], ["page_views_per_million", 4475], ["created_at", "2015-12-31 14:09:07.682911"], ["updated_at", "2015-12-31 14:09:07.682911"]]
  [1m[35m (3.3ms)[0m  commit transaction
  [1m[36m (0.1ms)[0m  [1mbegin transaction[0m
  [1m[35mSQL (4.3ms)[0m  INSERT INTO "websites" ("url", "rank", "reach", "page_views_per_user", "page_views_per_million", "created_at", "updated_at") VALUES (?, ?, ?, ?, ?, ?, ?)  [["url", "qq.com"], ["rank", 8], ["reach", 86000000000], ["page_views_per_user", 4.07], ["page_views_per_million", 4288], ["created_at", "2015-12-31 14:09:07.691176"], ["updated_at", "2015-12-31 14:09:07.691176"]]
  [1m[36m (2.8ms)[0m  [1mcommit transaction[0m
  [1m[35m (0.1ms)[0m  begin transaction
  [1m[36mSQL (3.9ms)[0m  [1mINSERT INTO "websites" ("url", "rank", "reach", "page_views_per_user", "page_views_per_million", "created_at", "updated_at") VALUES (?, ?, ?, ?, ?, ?, ?)[0m  [["url", "twitter.com"], ["rank", 9], ["reach", 71140000000], ["page_views_per_user", 4.94], ["page_views_per_million", 4308], ["created_at", "2015-12-31 14:09:07.700295"], ["updated_at", "2015-12-31 14:09:07.700295"]]
  [1m[35m (2.7ms)[0m  commit transaction
  [1m[36m (0.1ms)[0m  [1mbegin transaction[0m
  [1m[35mSQL (3.6ms)[0m  INSERT INTO "websites" ("url", "rank", "reach", "page_views_per_user", "page_views_per_million", "created_at", "updated_at") VALUES (?, ?, ?, ?, ?, ?, ?)  [["url", "google.co.in"], ["rank", 10], ["reach", 52880000000], ["page_views_per_user", 16.45], ["page_views_per_million", 10665], ["created_at", "2015-12-31 14:09:07.717586"], ["updated_at", "2015-12-31 14:09:07.717586"]]
  [1m[36m (3.1ms)[0m  [1mcommit transaction[0m
  [1m[35m (0.1ms)[0m  begin transaction
  [1m[36mSQL (4.0ms)[0m  [1mINSERT INTO "websites" ("url", "rank", "reach", "page_views_per_user", "page_views_per_million", "created_at", "updated_at") VALUES (?, ?, ?, ?, ?, ?, ?)[0m  [["url", "taobao.com"], ["rank", 11], ["reach", 66200000000], ["page_views_per_user", 4.96], ["page_views_per_million", 4026], ["created_at", "2015-12-31 14:09:07.726289"], ["updated_at", "2015-12-31 14:09:07.726289"]]
  [1m[35m (2.1ms)[0m  commit transaction
  [1m[36m (0.1ms)[0m  [1mbegin transaction[0m
  [1m[35mSQL (2.9ms)[0m  INSERT INTO "websites" ("url", "rank", "reach", "page_views_per_user", "page_views_per_million", "created_at", "updated_at") VALUES (?, ?, ?, ?, ?, ?, ?)  [["url", "live.com"], ["rank", 12], ["reach", 68260000000], ["page_views_per_user", 4.3], ["page_views_per_million", 3598], ["created_at", "2015-12-31 14:09:07.734166"], ["updated_at", "2015-12-31 14:09:07.734166"]]
  [1m[36m (2.4ms)[0m  [1mcommit transaction[0m
  [1m[35m (0.1ms)[0m  begin transaction
  [1m[36mSQL (2.6ms)[0m  [1mINSERT INTO "websites" ("url", "rank", "reach", "page_views_per_user", "page_views_per_million", "created_at", "updated_at") VALUES (?, ?, ?, ?, ?, ?, ?)[0m  [["url", "sina.com.cn"], ["rank", 13], ["reach", 50950000000], ["page_views_per_user", 4.14], ["page_views_per_million", 2587], ["created_at", "2015-12-31 14:09:07.741125"], ["updated_at", "2015-12-31 14:09:07.741125"]]
  [1m[35m (2.3ms)[0m  commit transaction
  [1m[36m (0.1ms)[0m  [1mbegin transaction[0m
  [1m[35mSQL (3.7ms)[0m  INSERT INTO "websites" ("url", "rank", "reach", "page_views_per_user", "page_views_per_million", "created_at", "updated_at") VALUES (?, ?, ?, ?, ?, ?, ?)  [["url", "weibo.com"], ["rank", 14], ["reach", 41710000000], ["page_views_per_user", 5.15], ["page_views_per_million", 2634], ["created_at", "2015-12-31 14:09:07.748055"], ["updated_at", "2015-12-31 14:09:07.748055"]]
  [1m[36m (2.2ms)[0m  [1mcommit transaction[0m
  [1m[35m (0.1ms)[0m  begin transaction
  [1m[36mSQL (3.0ms)[0m  [1mINSERT INTO "websites" ("url", "rank", "reach", "page_views_per_user", "page_views_per_million", "created_at", "updated_at") VALUES (?, ?, ?, ?, ?, ?, ?)[0m  [["url", "yahoo.co.jp"], ["rank", 15], ["reach", 31460000000], ["page_views_per_user", 17.37], ["page_views_per_million", 6702], ["created_at", "2015-12-31 14:09:07.756096"], ["updated_at", "2015-12-31 14:09:07.756096"]]
  [1m[35m (3.4ms)[0m  commit transaction
  [1m[36m (0.1ms)[0m  [1mbegin transaction[0m
  [1m[35mSQL (3.8ms)[0m  INSERT INTO "websites" ("url", "rank", "reach", "page_views_per_user", "page_views_per_million", "created_at", "updated_at") VALUES (?, ?, ?, ?, ?, ?, ?)  [["url", "bing.com"], ["rank", 16], ["reach", 44030000000], ["page_views_per_user", 3.65], ["page_views_per_million", 1972], ["created_at", "2015-12-31 14:09:07.764708"], ["updated_at", "2015-12-31 14:09:07.764708"]]
  [1m[36m (2.5ms)[0m  [1mcommit transaction[0m
  [1m[35m (0.1ms)[0m  begin transaction
  [1m[36mSQL (3.9ms)[0m  [1mINSERT INTO "websites" ("url", "rank", "reach", "page_views_per_user", "page_views_per_million", "created_at", "updated_at") VALUES (?, ?, ?, ?, ?, ?, ?)[0m  [["url", "linkedin.com"], ["rank", 17], ["reach", 37940000000], ["page_views_per_user", 5.5], ["page_views_per_million", 2560], ["created_at", "2015-12-31 14:09:07.773162"], ["updated_at", "2015-12-31 14:09:07.773162"]]
  [1m[35m (2.6ms)[0m  commit transaction
  [1m[36m (0.1ms)[0m  [1mbegin transaction[0m
  [1m[35mSQL (2.8ms)[0m  INSERT INTO "websites" ("url", "rank", "reach", "page_views_per_user", "page_views_per_million", "created_at", "updated_at") VALUES (?, ?, ?, ?, ?, ?, ?)  [["url", "google.co.jp"], ["rank", 18], ["reach", 29830000000], ["page_views_per_user", 13.33], ["page_views_per_million", 4876], ["created_at", "2015-12-31 14:09:07.781585"], ["updated_at", "2015-12-31 14:09:07.781585"]]
  [1m[36m (2.6ms)[0m  [1mcommit transaction[0m
  [1m[35m (0.1ms)[0m  begin transaction
  [1m[36mSQL (3.1ms)[0m  [1mINSERT INTO "websites" ("url", "rank", "reach", "page_views_per_user", "page_views_per_million", "created_at", "updated_at") VALUES (?, ?, ?, ?, ?, ?, ?)[0m  [["url", "yandex.ru"], ["rank", 19], ["reach", 28620000000], ["page_views_per_user", 14.14], ["page_views_per_million", 4962], ["created_at", "2015-12-31 14:09:07.788866"], ["updated_at", "2015-12-31 14:09:07.788866"]]
  [1m[35m (2.7ms)[0m  commit transaction
  [1m[36m (0.1ms)[0m  [1mbegin transaction[0m
  [1m[35mSQL (4.0ms)[0m  INSERT INTO "websites" ("url", "rank", "reach", "page_views_per_user", "page_views_per_million", "created_at", "updated_at") VALUES (?, ?, ?, ?, ?, ?, ?)  [["url", "ebay.com"], ["rank", 20], ["reach", 29010000000], ["page_views_per_user", 13.14], ["page_views_per_million", 4674], ["created_at", "2015-12-31 14:09:07.796634"], ["updated_at", "2015-12-31 14:09:07.796634"]]
  [1m[36m (2.4ms)[0m  [1mcommit transaction[0m
  [1m[35m (0.1ms)[0m  begin transaction
  [1m[36mSQL (3.0ms)[0m  [1mINSERT INTO "websites" ("url", "rank", "reach", "page_views_per_user", "page_views_per_million", "created_at", "updated_at") VALUES (?, ?, ?, ?, ?, ?, ?)[0m  [["url", "msn.com"], ["rank", 21], ["reach", 39060000000], ["page_views_per_user", 3.64], ["page_views_per_million", 1743], ["created_at", "2015-12-31 14:09:07.805035"], ["updated_at", "2015-12-31 14:09:07.805035"]]
  [1m[35m (2.0ms)[0m  commit transaction
  [1m[36m (0.1ms)[0m  [1mbegin transaction[0m
  [1m[35mSQL (4.3ms)[0m  INSERT INTO "websites" ("url", "rank", "reach", "page_views_per_user", "page_views_per_million", "created_at", "updated_at") VALUES (?, ?, ?, ?, ?, ?, ?)  [["url", "vk.com"], ["rank", 22], ["reach", 26050000000], ["page_views_per_user", 21.58], ["page_views_per_million", 6892], ["created_at", "2015-12-31 14:09:07.811836"], ["updated_at", "2015-12-31 14:09:07.811836"]]
  [1m[36m (2.5ms)[0m  [1mcommit transaction[0m
  [1m[35m (0.1ms)[0m  begin transaction
  [1m[36mSQL (4.2ms)[0m  [1mINSERT INTO "websites" ("url", "rank", "reach", "page_views_per_user", "page_views_per_million", "created_at", "updated_at") VALUES (?, ?, ?, ?, ?, ?, ?)[0m  [["url", "hao123.com"], ["rank", 23], ["reach", 40680000000], ["page_views_per_user", 2.38], ["page_views_per_million", 1187], ["created_at", "2015-12-31 14:09:07.820504"], ["updated_at", "2015-12-31 14:09:07.820504"]]
  [1m[35m (3.5ms)[0m  commit transaction
  [1m[36m (0.1ms)[0m  [1mbegin transaction[0m
  [1m[35mSQL (3.6ms)[0m  INSERT INTO "websites" ("url", "rank", "reach", "page_views_per_user", "page_views_per_million", "created_at", "updated_at") VALUES (?, ?, ?, ?, ?, ?, ?)  [["url", "amazon.co.jp"], ["rank", 24], ["reach", 23580000000], ["page_views_per_user", 16.24], ["page_views_per_million", 4696], ["created_at", "2015-12-31 14:09:07.830261"], ["updated_at", "2015-12-31 14:09:07.830261"]]
  [1m[36m (2.5ms)[0m  [1mcommit transaction[0m
  [1m[35m (0.1ms)[0m  begin transaction
  [1m[36mSQL (2.8ms)[0m  [1mINSERT INTO "websites" ("url", "rank", "reach", "page_views_per_user", "page_views_per_million", "created_at", "updated_at") VALUES (?, ?, ?, ?, ?, ?, ?)[0m  [["url", "instagram.com"], ["rank", 25], ["reach", 27200000000], ["page_views_per_user", 7.66], ["page_views_per_million", 2555], ["created_at", "2015-12-31 14:09:07.838391"], ["updated_at", "2015-12-31 14:09:07.838391"]]
  [1m[35m (2.4ms)[0m  commit transaction
  [1m[36m (0.0ms)[0m  [1mbegin transaction[0m
  [1m[35mSQL (3.3ms)[0m  INSERT INTO "websites" ("url", "rank", "reach", "page_views_per_user", "page_views_per_million", "created_at", "updated_at") VALUES (?, ?, ?, ?, ?, ?, ?)  [["url", "google.de"], ["rank", 26], ["reach", 25130000000], ["page_views_per_user", 9.04], ["page_views_per_million", 2784], ["created_at", "2015-12-31 14:09:07.845302"], ["updated_at", "2015-12-31 14:09:07.845302"]]
  [1m[36m (3.0ms)[0m  [1mcommit transaction[0m
  [1m[35m (0.1ms)[0m  begin transaction
  [1m[36mSQL (3.4ms)[0m  [1mINSERT INTO "websites" ("url", "rank", "reach", "page_views_per_user", "page_views_per_million", "created_at", "updated_at") VALUES (?, ?, ?, ?, ?, ?, ?)[0m  [["url", "t.co"], ["rank", 27], ["reach", 30160000000], ["page_views_per_user", 2.97], ["page_views_per_million", 1098], ["created_at", "2015-12-31 14:09:07.853377"], ["updated_at", "2015-12-31 14:09:07.853377"]]
  [1m[35m (2.8ms)[0m  commit transaction
  [1m[36m (0.1ms)[0m  [1mbegin transaction[0m
  [1m[35mSQL (3.6ms)[0m  INSERT INTO "websites" ("url", "rank", "reach", "page_views_per_user", "page_views_per_million", "created_at", "updated_at") VALUES (?, ?, ?, ?, ?, ?, ?)  [["url", "paypal.com"], ["rank", 28], ["reach", 26510000000], ["page_views_per_user", 4.67], ["page_views_per_million", 1517], ["created_at", "2015-12-31 14:09:07.861395"], ["updated_at", "2015-12-31 14:09:07.861395"]]
  [1m[36m (2.6ms)[0m  [1mcommit transaction[0m
  [1m[35m (0.1ms)[0m  begin transaction
  [1m[36mSQL (3.5ms)[0m  [1mINSERT INTO "websites" ("url", "rank", "reach", "page_views_per_user", "page_views_per_million", "created_at", "updated_at") VALUES (?, ?, ?, ?, ?, ?, ?)[0m  [["url", "tmall.com"], ["rank", 29], ["reach", 28260000000], ["page_views_per_user", 3.62], ["page_views_per_million", 1255], ["created_at", "2015-12-31 14:09:07.869327"], ["updated_at", "2015-12-31 14:09:07.869327"]]
  [1m[35m (2.4ms)[0m  commit transaction
  [1m[36m (0.1ms)[0m  [1mbegin transaction[0m
  [1m[35mSQL (2.7ms)[0m  INSERT INTO "websites" ("url", "rank", "reach", "page_views_per_user", "page_views_per_million", "created_at", "updated_at") VALUES (?, ?, ?, ?, ?, ?, ?)  [["url", "mail.ru"], ["rank", 30], ["reach", 22150000000], ["page_views_per_user", 9.38], ["page_views_per_million", 2548], ["created_at", "2015-12-31 14:09:07.877160"], ["updated_at", "2015-12-31 14:09:07.877160"]]
  [1m[36m (1.9ms)[0m  [1mcommit transaction[0m
  [1m[35m (0.1ms)[0m  begin transaction
  [1m[36mSQL (3.9ms)[0m  [1mINSERT INTO "websites" ("url", "rank", "reach", "page_views_per_user", "page_views_per_million", "created_at", "updated_at") VALUES (?, ?, ?, ?, ?, ?, ?)[0m  [["url", "google.co.uk"], ["rank", 31], ["reach", 21470000000], ["page_views_per_user", 10.43], ["page_views_per_million", 2745], ["created_at", "2015-12-31 14:09:07.884308"], ["updated_at", "2015-12-31 14:09:07.884308"]]
  [1m[35m (2.8ms)[0m  commit transaction
  [1m[36m (0.0ms)[0m  [1mbegin transaction[0m
  [1m[35mSQL (3.9ms)[0m  INSERT INTO "websites" ("url", "rank", "reach", "page_views_per_user", "page_views_per_million", "created_at", "updated_at") VALUES (?, ?, ?, ?, ?, ?, ?)  [["url", "pinterest.com"], ["rank", 32], ["reach", 24380000000], ["page_views_per_user", 5.6], ["page_views_per_million", 1672], ["created_at", "2015-12-31 14:09:07.892852"], ["updated_at", "2015-12-31 14:09:07.892852"]]
  [1m[36m (2.9ms)[0m  [1mcommit transaction[0m
  [1m[35m (0.1ms)[0m  begin transaction
  [1m[36mSQL (3.9ms)[0m  [1mINSERT INTO "websites" ("url", "rank", "reach", "page_views_per_user", "page_views_per_million", "created_at", "updated_at") VALUES (?, ?, ?, ?, ?, ?, ?)[0m  [["url", "reddit.com"], ["rank", 33], ["reach", 21050000000], ["page_views_per_user", 9.99], ["page_views_per_million", 2577], ["created_at", "2015-12-31 14:09:07.901940"], ["updated_at", "2015-12-31 14:09:07.901940"]]
  [1m[35m (1.9ms)[0m  commit transaction
  [1m[36m (0.1ms)[0m  [1mbegin transaction[0m
  [1m[35mSQL (3.4ms)[0m  INSERT INTO "websites" ("url", "rank", "reach", "page_views_per_user", "page_views_per_million", "created_at", "updated_at") VALUES (?, ?, ?, ?, ?, ?, ?)  [["url", "google.ru"], ["rank", 34], ["reach", 18950000000], ["page_views_per_user", 15.66], ["page_views_per_million", 3637], ["created_at", "2015-12-31 14:09:07.909753"], ["updated_at", "2015-12-31 14:09:07.909753"]]
  [1m[36m (2.4ms)[0m  [1mcommit transaction[0m
  [1m[35m (0.1ms)[0m  begin transaction
  [1m[36mSQL (3.5ms)[0m  [1mINSERT INTO "websites" ("url", "rank", "reach", "page_views_per_user", "page_views_per_million", "created_at", "updated_at") VALUES (?, ?, ?, ?, ?, ?, ?)[0m  [["url", "google.com.br"], ["rank", 35], ["reach", 19160000000], ["page_views_per_user", 13.34], ["page_views_per_million", 3135], ["created_at", "2015-12-31 14:09:07.917310"], ["updated_at", "2015-12-31 14:09:07.917310"]]
  [1m[35m (2.8ms)[0m  commit transaction
  [1m[36m (0.1ms)[0m  [1mbegin transaction[0m
  [1m[35mSQL (3.7ms)[0m  INSERT INTO "websites" ("url", "rank", "reach", "page_views_per_user", "page_views_per_million", "created_at", "updated_at") VALUES (?, ?, ?, ?, ?, ?, ?)  [["url", "google.fr"], ["rank", 36], ["reach", 19620000000], ["page_views_per_user", 10.56], ["page_views_per_million", 2541], ["created_at", "2015-12-31 14:09:07.925479"], ["updated_at", "2015-12-31 14:09:07.925479"]]
  [1m[36m (2.1ms)[0m  [1mcommit transaction[0m
  [1m[35m (0.0ms)[0m  begin transaction
  [1m[36mSQL (2.8ms)[0m  [1mINSERT INTO "websites" ("url", "rank", "reach", "page_views_per_user", "page_views_per_million", "created_at", "updated_at") VALUES (?, ?, ?, ?, ?, ?, ?)[0m  [["url", "sohu.com"], ["rank", 37], ["reach", 26870000000], ["page_views_per_user", 2.61], ["page_views_per_million", 860], ["created_at", "2015-12-31 14:09:07.933045"], ["updated_at", "2015-12-31 14:09:07.933045"]]
  [1m[35m (3.5ms)[0m  commit transaction
  [1m[36m (0.0ms)[0m  [1mbegin transaction[0m
  [1m[35mSQL (4.1ms)[0m  INSERT INTO "websites" ("url", "rank", "reach", "page_views_per_user", "page_views_per_million", "created_at", "updated_at") VALUES (?, ?, ?, ?, ?, ?, ?)  [["url", "onclickads.net"], ["rank", 38], ["reach", 25920000000], ["page_views_per_user", 2.64], ["page_views_per_million", 838], ["created_at", "2015-12-31 14:09:07.940731"], ["updated_at", "2015-12-31 14:09:07.940731"]]
  [1m[36m (2.8ms)[0m  [1mcommit transaction[0m
  [1m[35m (0.1ms)[0m  begin transaction
  [1m[36mSQL (3.8ms)[0m  [1mINSERT INTO "websites" ("url", "rank", "reach", "page_views_per_user", "page_views_per_million", "created_at", "updated_at") VALUES (?, ?, ?, ?, ?, ?, ?)[0m  [["url", "microsoft.com"], ["rank", 39], ["reach", 26180000000], ["page_views_per_user", 2.51], ["page_views_per_million", 804], ["created_at", "2015-12-31 14:09:07.949410"], ["updated_at", "2015-12-31 14:09:07.949410"]]
  [1m[35m (2.6ms)[0m  commit transaction
  [1m[36m (0.1ms)[0m  [1mbegin transaction[0m
  [1m[35mSQL (3.6ms)[0m  INSERT INTO "websites" ("url", "rank", "reach", "page_views_per_user", "page_views_per_million", "created_at", "updated_at") VALUES (?, ?, ?, ?, ?, ?, ?)  [["url", "wordpress.com"], ["rank", 40], ["reach", 26540000000], ["page_views_per_user", 2.37], ["page_views_per_million", 770], ["created_at", "2015-12-31 14:09:07.957572"], ["updated_at", "2015-12-31 14:09:07.957572"]]
  [1m[36m (2.5ms)[0m  [1mcommit transaction[0m
  [1m[35m (0.1ms)[0m  begin transaction
  [1m[36mSQL (3.2ms)[0m  [1mINSERT INTO "websites" ("url", "rank", "reach", "page_views_per_user", "page_views_per_million", "created_at", "updated_at") VALUES (?, ?, ?, ?, ?, ?, ?)[0m  [["url", "tumblr.com"], ["rank", 41], ["reach", 19810000000], ["page_views_per_user", 6.44], ["page_views_per_million", 1564], ["created_at", "2015-12-31 14:09:07.965565"], ["updated_at", "2015-12-31 14:09:07.965565"]]
  [1m[35m (3.3ms)[0m  commit transaction
  [1m[36m (0.1ms)[0m  [1mbegin transaction[0m
  [1m[35mSQL (3.6ms)[0m  INSERT INTO "websites" ("url", "rank", "reach", "page_views_per_user", "page_views_per_million", "created_at", "updated_at") VALUES (?, ?, ?, ?, ?, ?, ?)  [["url", "blogspot.com"], ["rank", 42], ["reach", 25620000000], ["page_views_per_user", 2.48], ["page_views_per_million", 779], ["created_at", "2015-12-31 14:09:07.974073"], ["updated_at", "2015-12-31 14:09:07.974073"]]
  [1m[36m (2.5ms)[0m  [1mcommit transaction[0m
  [1m[35m (0.1ms)[0m  begin transaction
  [1m[36mSQL (4.6ms)[0m  [1mINSERT INTO "websites" ("url", "rank", "reach", "page_views_per_user", "page_views_per_million", "created_at", "updated_at") VALUES (?, ?, ?, ?, ?, ?, ?)[0m  [["url", "imgur.com"], ["rank", 43], ["reach", 16690000000], ["page_views_per_user", 12.79], ["page_views_per_million", 2618], ["created_at", "2015-12-31 14:09:07.982007"], ["updated_at", "2015-12-31 14:09:07.982007"]]
  [1m[35m (2.4ms)[0m  commit transaction
  [1m[36m (0.1ms)[0m  [1mbegin transaction[0m
  [1m[35mSQL (3.1ms)[0m  INSERT INTO "websites" ("url", "rank", "reach", "page_views_per_user", "page_views_per_million", "created_at", "updated_at") VALUES (?, ?, ?, ?, ?, ?, ?)  [["url", "amazon.de"], ["rank", 44], ["reach", 15700000000], ["page_views_per_user", 17.12], ["page_views_per_million", 3297], ["created_at", "2015-12-31 14:09:07.990800"], ["updated_at", "2015-12-31 14:09:07.990800"]]
  [1m[36m (3.4ms)[0m  [1mcommit transaction[0m
  [1m[35m (0.1ms)[0m  begin transaction
  [1m[36mSQL (3.9ms)[0m  [1mINSERT INTO "websites" ("url", "rank", "reach", "page_views_per_user", "page_views_per_million", "created_at", "updated_at") VALUES (?, ?, ?, ?, ?, ?, ?)[0m  [["url", "ask.com"], ["rank", 45], ["reach", 22180000000], ["page_views_per_user", 3.51], ["page_views_per_million", 953], ["created_at", "2015-12-31 14:09:07.999150"], ["updated_at", "2015-12-31 14:09:07.999150"]]
  [1m[35m (2.3ms)[0m  commit transaction
  [1m[36m (0.1ms)[0m  [1mbegin transaction[0m
  [1m[35mSQL (3.3ms)[0m  INSERT INTO "websites" ("url", "rank", "reach", "page_views_per_user", "page_views_per_million", "created_at", "updated_at") VALUES (?, ?, ?, ?, ?, ?, ?)  [["url", "apple.com"], ["rank", 46], ["reach", 21860000000], ["page_views_per_user", 3.68], ["page_views_per_million", 987], ["created_at", "2015-12-31 14:09:08.007199"], ["updated_at", "2015-12-31 14:09:08.007199"]]
  [1m[36m (3.2ms)[0m  [1mcommit transaction[0m
  [1m[35m (0.1ms)[0m  begin transaction
  [1m[36mSQL (3.7ms)[0m  [1mINSERT INTO "websites" ("url", "rank", "reach", "page_views_per_user", "page_views_per_million", "created_at", "updated_at") VALUES (?, ?, ?, ?, ?, ?, ?)[0m  [["url", "netflix.com"], ["rank", 47], ["reach", 19370000000], ["page_views_per_user", 5.84], ["page_views_per_million", 1386], ["created_at", "2015-12-31 14:09:08.015683"], ["updated_at", "2015-12-31 14:09:08.015683"]]
  [1m[35m (3.3ms)[0m  commit transaction
  [1m[36m (0.1ms)[0m  [1mbegin transaction[0m
  [1m[35mSQL (4.2ms)[0m  INSERT INTO "websites" ("url", "rank", "reach", "page_views_per_user", "page_views_per_million", "created_at", "updated_at") VALUES (?, ?, ?, ?, ?, ?, ?)  [["url", "aliexpress.com"], ["rank", 48], ["reach", 15170000000], ["page_views_per_user", 16.07], ["page_views_per_million", 2989], ["created_at", "2015-12-31 14:09:08.024889"], ["updated_at", "2015-12-31 14:09:08.024889"]]
  [1m[36m (2.5ms)[0m  [1mcommit transaction[0m
  [1m[35m (0.1ms)[0m  begin transaction
  [1m[36mSQL (4.3ms)[0m  [1mINSERT INTO "websites" ("url", "rank", "reach", "page_views_per_user", "page_views_per_million", "created_at", "updated_at") VALUES (?, ?, ?, ?, ?, ?, ?)[0m  [["url", "google.it"], ["rank", 49], ["reach", 16180000000], ["page_views_per_user", 10.94], ["page_views_per_million", 2170], ["created_at", "2015-12-31 14:09:08.033608"], ["updated_at", "2015-12-31 14:09:08.033608"]]
  [1m[35m (3.0ms)[0m  commit transaction
  [1m[36m (0.1ms)[0m  [1mbegin transaction[0m
  [1m[35mSQL (4.0ms)[0m  INSERT INTO "websites" ("url", "rank", "reach", "page_views_per_user", "page_views_per_million", "created_at", "updated_at") VALUES (?, ?, ?, ?, ?, ?, ?)  [["url", "gmw.cn"], ["rank", 50], ["reach", 34828000000], ["page_views_per_user", 2.84], ["page_views_per_million", 1212], ["created_at", "2015-12-31 14:09:08.043196"], ["updated_at", "2015-12-31 14:09:08.043196"]]
  [1m[36m (2.8ms)[0m  [1mcommit transaction[0m
  [1m[35m (0.1ms)[0m  begin transaction
  [1m[36mSQL (2.8ms)[0m  [1mINSERT INTO "websites" ("url", "rank", "reach", "page_views_per_user", "page_views_per_million", "created_at", "updated_at") VALUES (?, ?, ?, ?, ?, ?, ?)[0m  [["url", "imdb.com"], ["rank", 51], ["reach", 17900000000], ["page_views_per_user", 6.36], ["page_views_per_million", 1396], ["created_at", "2015-12-31 14:09:08.051854"], ["updated_at", "2015-12-31 14:09:08.051854"]]
  [1m[35m (2.3ms)[0m  commit transaction
  [1m[36m (0.1ms)[0m  [1mbegin transaction[0m
  [1m[35mSQL (2.9ms)[0m  INSERT INTO "websites" ("url", "rank", "reach", "page_views_per_user", "page_views_per_million", "created_at", "updated_at") VALUES (?, ?, ?, ?, ?, ?, ?)  [["url", "xvideos.com"], ["rank", 52], ["reach", 15160000000], ["page_views_per_user", 13.38], ["page_views_per_million", 2486], ["created_at", "2015-12-31 14:09:08.058673"], ["updated_at", "2015-12-31 14:09:08.058673"]]
  [1m[36m (2.6ms)[0m  [1mcommit transaction[0m
  [1m[35m (0.1ms)[0m  begin transaction
  [1m[36mSQL (3.4ms)[0m  [1mINSERT INTO "websites" ("url", "rank", "reach", "page_views_per_user", "page_views_per_million", "created_at", "updated_at") VALUES (?, ?, ?, ?, ?, ?, ?)[0m  [["url", "google.es"], ["rank", 53], ["reach", 15400000000], ["page_views_per_user", 11.98], ["page_views_per_million", 2262], ["created_at", "2015-12-31 14:09:08.066046"], ["updated_at", "2015-12-31 14:09:08.066046"]]
  [1m[35m (2.9ms)[0m  commit transaction
  [1m[36m (0.1ms)[0m  [1mbegin transaction[0m
  [1m[35mSQL (4.1ms)[0m  INSERT INTO "websites" ("url", "rank", "reach", "page_views_per_user", "page_views_per_million", "created_at", "updated_at") VALUES (?, ?, ?, ?, ?, ?, ?)  [["url", "360.cn"], ["rank", 54], ["reach", 21590000000], ["page_views_per_user", 2.63], ["page_views_per_million", 697], ["created_at", "2015-12-31 14:09:08.074282"], ["updated_at", "2015-12-31 14:09:08.074282"]]
  [1m[36m (2.4ms)[0m  [1mcommit transaction[0m
  [1m[35m (0.1ms)[0m  begin transaction
  [1m[36mSQL (3.4ms)[0m  [1mINSERT INTO "websites" ("url", "rank", "reach", "page_views_per_user", "page_views_per_million", "created_at", "updated_at") VALUES (?, ?, ?, ?, ?, ?, ?)[0m  [["url", "ok.ru"], ["rank", 55], ["reach", 11680000000], ["page_views_per_user", 24.39], ["page_views_per_million", 3494], ["created_at", "2015-12-31 14:09:08.082722"], ["updated_at", "2015-12-31 14:09:08.082722"]]
  [1m[35m (2.4ms)[0m  commit transaction
  [1m[36m (0.1ms)[0m  [1mbegin transaction[0m
  [1m[35mSQL (3.7ms)[0m  INSERT INTO "websites" ("url", "rank", "reach", "page_views_per_user", "page_views_per_million", "created_at", "updated_at") VALUES (?, ?, ?, ?, ?, ?, ?)  [["url", "fc2.com"], ["rank", 56], ["reach", 15250000000], ["page_views_per_user", 6.19], ["page_views_per_million", 1158], ["created_at", "2015-12-31 14:09:08.090671"], ["updated_at", "2015-12-31 14:09:08.090671"]]
  [1m[36m (2.9ms)[0m  [1mcommit transaction[0m
  [1m[35m (0.1ms)[0m  begin transaction
  [1m[36mSQL (3.4ms)[0m  [1mINSERT INTO "websites" ("url", "rank", "reach", "page_views_per_user", "page_views_per_million", "created_at", "updated_at") VALUES (?, ?, ?, ?, ?, ?, ?)[0m  [["url", "amazon.co.uk"], ["rank", 57], ["reach", 12720000000], ["page_views_per_user", 13.21], ["page_views_per_million", 2059], ["created_at", "2015-12-31 14:09:08.099405"], ["updated_at", "2015-12-31 14:09:08.099405"]]
  [1m[35m (2.0ms)[0m  commit transaction
  [1m[36m (0.0ms)[0m  [1mbegin transaction[0m
  [1m[35mSQL (3.2ms)[0m  INSERT INTO "websites" ("url", "rank", "reach", "page_views_per_user", "page_views_per_million", "created_at", "updated_at") VALUES (?, ?, ?, ?, ?, ?, ?)  [["url", "stackoverflow.com"], ["rank", 58], ["reach", 15740000000], ["page_views_per_user", 4.53], ["page_views_per_million", 874], ["created_at", "2015-12-31 14:09:08.106590"], ["updated_at", "2015-12-31 14:09:08.106590"]]
  [1m[36m (2.9ms)[0m  [1mcommit transaction[0m
  [1m[35m (0.1ms)[0m  begin transaction
  [1m[36mSQL (4.0ms)[0m  [1mINSERT INTO "websites" ("url", "rank", "reach", "page_views_per_user", "page_views_per_million", "created_at", "updated_at") VALUES (?, ?, ?, ?, ?, ?, ?)[0m  [["url", "alibaba.com"], ["rank", 59], ["reach", 16540000000], ["page_views_per_user", 3.59], ["page_views_per_million", 728], ["created_at", "2015-12-31 14:09:08.114775"], ["updated_at", "2015-12-31 14:09:08.114775"]]
  [1m[35m (3.0ms)[0m  commit transaction
  [1m[36m (0.1ms)[0m  [1mbegin transaction[0m
  [1m[35mSQL (3.3ms)[0m  INSERT INTO "websites" ("url", "rank", "reach", "page_views_per_user", "page_views_per_million", "created_at", "updated_at") VALUES (?, ?, ?, ?, ?, ?, ?)  [["url", "google.com.hk"], ["rank", 60], ["reach", 14780000000], ["page_views_per_user", 5.05], ["page_views_per_million", 915], ["created_at", "2015-12-31 14:09:08.123708"], ["updated_at", "2015-12-31 14:09:08.123708"]]
  [1m[36m (3.2ms)[0m  [1mcommit transaction[0m
  [1m[35m (0.1ms)[0m  begin transaction
  [1m[36mSQL (3.4ms)[0m  [1mINSERT INTO "websites" ("url", "rank", "reach", "page_views_per_user", "page_views_per_million", "created_at", "updated_at") VALUES (?, ?, ?, ?, ?, ?, ?)[0m  [["url", "google.com.mx"], ["rank", 61], ["reach", 12220000000], ["page_views_per_user", 9.77], ["page_views_per_million", 1464], ["created_at", "2015-12-31 14:09:08.131998"], ["updated_at", "2015-12-31 14:09:08.131998"]]
  [1m[35m (2.3ms)[0m  commit transaction
  [1m[36m (0.1ms)[0m  [1mbegin transaction[0m
  [1m[35mSQL (3.6ms)[0m  INSERT INTO "websites" ("url", "rank", "reach", "page_views_per_user", "page_views_per_million", "created_at", "updated_at") VALUES (?, ?, ?, ?, ?, ?, ?)  [["url", "google.ca"], ["rank", 62], ["reach", 11790000000], ["page_views_per_user", 10.45], ["page_views_per_million", 1510], ["created_at", "2015-12-31 14:09:08.139582"], ["updated_at", "2015-12-31 14:09:08.139582"]]
  [1m[36m (2.7ms)[0m  [1mcommit transaction[0m
  [1m[35m (0.1ms)[0m  begin transaction
  [1m[36mSQL (3.7ms)[0m  [1mINSERT INTO "websites" ("url", "rank", "reach", "page_views_per_user", "page_views_per_million", "created_at", "updated_at") VALUES (?, ?, ?, ?, ?, ?, ?)[0m  [["url", "rakuten.co.jp"], ["rank", 63], ["reach", 11140000000], ["page_views_per_user", 12.98], ["page_views_per_million", 1772], ["created_at", "2015-12-31 14:09:08.147732"], ["updated_at", "2015-12-31 14:09:08.147732"]]
  [1m[35m (2.1ms)[0m  commit transaction
  [1m[36m (0.1ms)[0m  [1mbegin transaction[0m
  [1m[35mSQL (3.1ms)[0m  INSERT INTO "websites" ("url", "rank", "reach", "page_views_per_user", "page_views_per_million", "created_at", "updated_at") VALUES (?, ?, ?, ?, ?, ?, ?)  [["url", "pornhub.com"], ["rank", 64], ["reach", 12210000000], ["page_views_per_user", 7.97], ["page_views_per_million", 1193], ["created_at", "2015-12-31 14:09:08.155513"], ["updated_at", "2015-12-31 14:09:08.155513"]]
  [1m[36m (2.7ms)[0m  [1mcommit transaction[0m
  [1m[35m (0.0ms)[0m  begin transaction
  [1m[36mSQL (3.8ms)[0m  [1mINSERT INTO "websites" ("url", "rank", "reach", "page_views_per_user", "page_views_per_million", "created_at", "updated_at") VALUES (?, ?, ?, ?, ?, ?, ?)[0m  [["url", "naver.com"], ["rank", 65], ["reach", 9230000000], ["page_views_per_user", 26.1], ["page_views_per_million", 2953], ["created_at", "2015-12-31 14:09:08.163197"], ["updated_at", "2015-12-31 14:09:08.163197"]]
  [1m[35m (3.0ms)[0m  commit transaction
  [1m[36m (0.1ms)[0m  [1mbegin transaction[0m
  [1m[35mSQL (3.2ms)[0m  INSERT INTO "websites" ("url", "rank", "reach", "page_views_per_user", "page_views_per_million", "created_at", "updated_at") VALUES (?, ?, ?, ?, ?, ?, ?)  [["url", "tianya.cn"], ["rank", 66], ["reach", 21613000000], ["page_views_per_user", 3.913], ["page_views_per_million", 1037], ["created_at", "2015-12-31 14:09:08.171957"], ["updated_at", "2015-12-31 14:09:08.171957"]]
  [1m[36m (2.4ms)[0m  [1mcommit transaction[0m
  [1m[35m (0.0ms)[0m  begin transaction
  [1m[36mSQL (3.7ms)[0m  [1mINSERT INTO "websites" ("url", "rank", "reach", "page_views_per_user", "page_views_per_million", "created_at", "updated_at") VALUES (?, ?, ?, ?, ?, ?, ?)[0m  [["url", "diply.com"], ["rank", 67], ["reach", 20703000000], ["page_views_per_user", 3.143], ["page_views_per_million", 797], ["created_at", "2015-12-31 14:09:08.179383"], ["updated_at", "2015-12-31 14:09:08.179383"]]
  [1m[35m (3.4ms)[0m  commit transaction
  [1m[36m (0.1ms)[0m  [1mbegin transaction[0m
  [1m[35mSQL (3.9ms)[0m  INSERT INTO "websites" ("url", "rank", "reach", "page_views_per_user", "page_views_per_million", "created_at", "updated_at") VALUES (?, ?, ?, ?, ?, ?, ?)  [["url", "google.com.tr"], ["rank", 68], ["reach", 10030000000], ["page_views_per_user", 16.05], ["page_views_per_million", 1973], ["created_at", "2015-12-31 14:09:08.188657"], ["updated_at", "2015-12-31 14:09:08.188657"]]
  [1m[36m (2.7ms)[0m  [1mcommit transaction[0m
  [1m[35m (0.1ms)[0m  begin transaction
  [1m[36mSQL (3.0ms)[0m  [1mINSERT INTO "websites" ("url", "rank", "reach", "page_views_per_user", "page_views_per_million", "created_at", "updated_at") VALUES (?, ?, ?, ?, ?, ?, ?)[0m  [["url", "go.com"], ["rank", 69], ["reach", 13180000000], ["page_views_per_user", 4.68], ["page_views_per_million", 756], ["created_at", "2015-12-31 14:09:08.197301"], ["updated_at", "2015-12-31 14:09:08.197301"]]
  [1m[35m (2.3ms)[0m  commit transaction
  [1m[36m (0.0ms)[0m  [1mbegin transaction[0m
  [1m[35mSQL (2.4ms)[0m  INSERT INTO "websites" ("url", "rank", "reach", "page_views_per_user", "page_views_per_million", "created_at", "updated_at") VALUES (?, ?, ?, ?, ?, ?, ?)  [["url", "xinhuanet.com"], ["rank", 70], ["reach", 11640000000], ["page_views_per_user", 7.55], ["page_views_per_million", 1078], ["created_at", "2015-12-31 14:09:08.204235"], ["updated_at", "2015-12-31 14:09:08.204235"]]
  [1m[36m (2.8ms)[0m  [1mcommit transaction[0m
  [1m[35m (0.1ms)[0m  begin transaction
  [1m[36mSQL (4.1ms)[0m  [1mINSERT INTO "websites" ("url", "rank", "reach", "page_views_per_user", "page_views_per_million", "created_at", "updated_at") VALUES (?, ?, ?, ?, ?, ?, ?)[0m  [["url", "blogger.com"], ["rank", 71], ["reach", 11140000000], ["page_views_per_user", 6.63], ["page_views_per_million", 906], ["created_at", "2015-12-31 14:09:08.211223"], ["updated_at", "2015-12-31 14:09:08.211223"]]
  [1m[35m (3.7ms)[0m  commit transaction
  [1m[36m (0.1ms)[0m  [1mbegin transaction[0m
  [1m[35mSQL (3.8ms)[0m  INSERT INTO "websites" ("url", "rank", "reach", "page_views_per_user", "page_views_per_million", "created_at", "updated_at") VALUES (?, ?, ?, ?, ?, ?, ?)  [["url", "soso.com"], ["rank", 72], ["reach", 15190000000], ["page_views_per_user", 1.92], ["page_views_per_million", 358], ["created_at", "2015-12-31 14:09:08.221159"], ["updated_at", "2015-12-31 14:09:08.221159"]]
  [1m[36m (2.4ms)[0m  [1mcommit transaction[0m
  [1m[35m (0.1ms)[0m  begin transaction
  [1m[36mSQL (3.1ms)[0m  [1mINSERT INTO "websites" ("url", "rank", "reach", "page_views_per_user", "page_views_per_million", "created_at", "updated_at") VALUES (?, ?, ?, ?, ?, ?, ?)[0m  [["url", "amazon.in"], ["rank", 73], ["reach", 9450000000], ["page_views_per_user", 11.54], ["page_views_per_million", 1337], ["created_at", "2015-12-31 14:09:08.229039"], ["updated_at", "2015-12-31 14:09:08.229039"]]
  [1m[35m (3.1ms)[0m  commit transaction
  [1m[36m (0.1ms)[0m  [1mbegin transaction[0m
  [1m[35mSQL (3.6ms)[0m  INSERT INTO "websites" ("url", "rank", "reach", "page_views_per_user", "page_views_per_million", "created_at", "updated_at") VALUES (?, ?, ?, ?, ?, ?, ?)  [["url", "craigslist.org"], ["rank", 74], ["reach", 8970000000], ["page_views_per_user", 14.8], ["page_views_per_million", 1628], ["created_at", "2015-12-31 14:09:08.237149"], ["updated_at", "2015-12-31 14:09:08.237149"]]
  [1m[36m (2.7ms)[0m  [1mcommit transaction[0m
  [1m[35m (0.1ms)[0m  begin transaction
  [1m[36mSQL (3.5ms)[0m  [1mINSERT INTO "websites" ("url", "rank", "reach", "page_views_per_user", "page_views_per_million", "created_at", "updated_at") VALUES (?, ?, ?, ?, ?, ?, ?)[0m  [["url", "cntv.cn"], ["rank", 75], ["reach", 10240000000], ["page_views_per_user", 7.68], ["page_views_per_million", 964], ["created_at", "2015-12-31 14:09:08.246333"], ["updated_at", "2015-12-31 14:09:08.246333"]]
  [1m[35m (2.9ms)[0m  commit transaction
  [1m[36m (0.1ms)[0m  [1mbegin transaction[0m
  [1m[35mSQL (3.0ms)[0m  INSERT INTO "websites" ("url", "rank", "reach", "page_views_per_user", "page_views_per_million", "created_at", "updated_at") VALUES (?, ?, ?, ?, ?, ?, ?)  [["url", "bongacams.com"], ["rank", 76], ["reach", 18237000000], ["page_views_per_user", 2.595], ["page_views_per_million", 580], ["created_at", "2015-12-31 14:09:08.254570"], ["updated_at", "2015-12-31 14:09:08.254570"]]
  [1m[36m (2.9ms)[0m  [1mcommit transaction[0m
  [1m[35m (0.0ms)[0m  begin transaction
  [1m[36mSQL (4.1ms)[0m  [1mINSERT INTO "websites" ("url", "rank", "reach", "page_views_per_user", "page_views_per_million", "created_at", "updated_at") VALUES (?, ?, ?, ?, ?, ?, ?)[0m  [["url", "google.co.id"], ["rank", 77], ["reach", 8880000000], ["page_views_per_user", 12.26], ["page_views_per_million", 1334], ["created_at", "2015-12-31 14:09:08.262103"], ["updated_at", "2015-12-31 14:09:08.262103"]]
  [1m[35m (2.8ms)[0m  commit transaction
  [1m[36m (0.1ms)[0m  [1mbegin transaction[0m
  [1m[35mSQL (3.8ms)[0m  INSERT INTO "websites" ("url", "rank", "reach", "page_views_per_user", "page_views_per_million", "created_at", "updated_at") VALUES (?, ?, ?, ?, ?, ?, ?)  [["url", "xhamster.com"], ["rank", 78], ["reach", 8690000000], ["page_views_per_user", 13.03], ["page_views_per_million", 1388], ["created_at", "2015-12-31 14:09:08.271065"], ["updated_at", "2015-12-31 14:09:08.271065"]]
  [1m[36m (2.3ms)[0m  [1mcommit transaction[0m
  [1m[35m (0.1ms)[0m  begin transaction
  [1m[36mSQL (4.2ms)[0m  [1mINSERT INTO "websites" ("url", "rank", "reach", "page_views_per_user", "page_views_per_million", "created_at", "updated_at") VALUES (?, ?, ?, ?, ?, ?, ?)[0m  [["url", "kat.cr"], ["rank", 79], ["reach", 9920000000], ["page_views_per_user", 7.1], ["page_views_per_million", 863], ["created_at", "2015-12-31 14:09:08.279004"], ["updated_at", "2015-12-31 14:09:08.279004"]]
  [1m[35m (3.2ms)[0m  commit transaction
  [1m[36m (0.1ms)[0m  [1mbegin transaction[0m
  [1m[35mSQL (3.3ms)[0m  INSERT INTO "websites" ("url", "rank", "reach", "page_views_per_user", "page_views_per_million", "created_at", "updated_at") VALUES (?, ?, ?, ?, ?, ?, ?)  [["url", "outbrain.com"], ["rank", 80], ["reach", 14420000000], ["page_views_per_user", 1.78], ["page_views_per_million", 314], ["created_at", "2015-12-31 14:09:08.288421"], ["updated_at", "2015-12-31 14:09:08.288421"]]
  [1m[36m (2.7ms)[0m  [1mcommit transaction[0m
  [1m[35m (0.0ms)[0m  begin transaction
  [1m[36mSQL (3.9ms)[0m  [1mINSERT INTO "websites" ("url", "rank", "reach", "page_views_per_user", "page_views_per_million", "created_at", "updated_at") VALUES (?, ?, ?, ?, ?, ?, ?)[0m  [["url", "nicovideo.jp"], ["rank", 81], ["reach", 7980000000], ["page_views_per_user", 17.96], ["page_views_per_million", 1756], ["created_at", "2015-12-31 14:09:08.296729"], ["updated_at", "2015-12-31 14:09:08.296729"]]
  [1m[35m (3.0ms)[0m  commit transaction
  [1m[36m (0.1ms)[0m  [1mbegin transaction[0m
  [1m[35mSQL (3.5ms)[0m  INSERT INTO "websites" ("url", "rank", "reach", "page_views_per_user", "page_views_per_million", "created_at", "updated_at") VALUES (?, ?, ?, ?, ?, ?, ?)  [["url", "adnetworkperformance.com"], ["rank", 82], ["reach", 11550000000], ["page_views_per_user", 3.59], ["page_views_per_million", 508], ["created_at", "2015-12-31 14:09:08.306275"], ["updated_at", "2015-12-31 14:09:08.306275"]]
  [1m[36m (2.6ms)[0m  [1mcommit transaction[0m
  [1m[35m (0.1ms)[0m  begin transaction
  [1m[36mSQL (2.7ms)[0m  [1mINSERT INTO "websites" ("url", "rank", "reach", "page_views_per_user", "page_views_per_million", "created_at", "updated_at") VALUES (?, ?, ?, ?, ?, ?, ?)[0m  [["url", "googleusercontent.com"], ["rank", 83], ["reach", 13260000000], ["page_views_per_user", 2.05], ["page_views_per_million", 333], ["created_at", "2015-12-31 14:09:08.314118"], ["updated_at", "2015-12-31 14:09:08.314118"]]
  [1m[35m (2.3ms)[0m  commit transaction
  [1m[36m (0.1ms)[0m  [1mbegin transaction[0m
  [1m[35mSQL (3.6ms)[0m  INSERT INTO "websites" ("url", "rank", "reach", "page_views_per_user", "page_views_per_million", "created_at", "updated_at") VALUES (?, ?, ?, ?, ?, ?, ?)  [["url", "jd.com"], ["rank", 84], ["reach", 7850000000], ["page_views_per_user", 16.11], ["page_views_per_million", 1551], ["created_at", "2015-12-31 14:09:08.321030"], ["updated_at", "2015-12-31 14:09:08.321030"]]
  [1m[36m (2.9ms)[0m  [1mcommit transaction[0m
  [1m[35m (0.1ms)[0m  begin transaction
  [1m[36mSQL (4.0ms)[0m  [1mINSERT INTO "websites" ("url", "rank", "reach", "page_views_per_user", "page_views_per_million", "created_at", "updated_at") VALUES (?, ?, ?, ?, ?, ?, ?)[0m  [["url", "cnn.com"], ["rank", 85], ["reach", 12050000000], ["page_views_per_user", 2.69], ["page_views_per_million", 397], ["created_at", "2015-12-31 14:09:08.329066"], ["updated_at", "2015-12-31 14:09:08.329066"]]
  [1m[35m (2.6ms)[0m  commit transaction
  [1m[36m (0.1ms)[0m  [1mbegin transaction[0m
  [1m[35mSQL (3.8ms)[0m  INSERT INTO "websites" ("url", "rank", "reach", "page_views_per_user", "page_views_per_million", "created_at", "updated_at") VALUES (?, ?, ?, ?, ?, ?, ?)  [["url", "github.com"], ["rank", 86], ["reach", 9440000000], ["page_views_per_user", 6.52], ["page_views_per_million", 755], ["created_at", "2015-12-31 14:09:08.337475"], ["updated_at", "2015-12-31 14:09:08.337475"]]
  [1m[36m (2.8ms)[0m  [1mcommit transaction[0m
  [1m[35m (0.1ms)[0m  begin transaction
  [1m[36mSQL (4.0ms)[0m  [1mINSERT INTO "websites" ("url", "rank", "reach", "page_views_per_user", "page_views_per_million", "created_at", "updated_at") VALUES (?, ?, ?, ?, ?, ?, ?)[0m  [["url", "espn.go.com"], ["rank", 87], ["reach", 9770000000], ["page_views_per_user", 5.08], ["page_views_per_million", 609], ["created_at", "2015-12-31 14:09:08.346246"], ["updated_at", "2015-12-31 14:09:08.346246"]]
  [1m[35m (2.7ms)[0m  commit transaction
  [1m[36m (0.1ms)[0m  [1mbegin transaction[0m
  [1m[35mSQL (3.9ms)[0m  INSERT INTO "websites" ("url", "rank", "reach", "page_views_per_user", "page_views_per_million", "created_at", "updated_at") VALUES (?, ?, ?, ?, ?, ?, ?)  [["url", "walmart.com"], ["rank", 88], ["reach", 9080000000], ["page_views_per_user", 6.54], ["page_views_per_million", 728], ["created_at", "2015-12-31 14:09:08.354875"], ["updated_at", "2015-12-31 14:09:08.354875"]]
  [1m[36m (2.8ms)[0m  [1mcommit transaction[0m
  [1m[35m (0.1ms)[0m  begin transaction
  [1m[36mSQL (2.8ms)[0m  [1mINSERT INTO "websites" ("url", "rank", "reach", "page_views_per_user", "page_views_per_million", "created_at", "updated_at") VALUES (?, ?, ?, ?, ?, ?, ?)[0m  [["url", "google.co.kr"], ["rank", 89], ["reach", 8080000000], ["page_views_per_user", 10.96], ["page_views_per_million", 1086], ["created_at", "2015-12-31 14:09:08.363644"], ["updated_at", "2015-12-31 14:09:08.363644"]]
  [1m[35m (2.6ms)[0m  commit transaction
  [1m[36m (0.1ms)[0m  [1mbegin transaction[0m
  [1m[35mSQL (3.6ms)[0m  INSERT INTO "websites" ("url", "rank", "reach", "page_views_per_user", "page_views_per_million", "created_at", "updated_at") VALUES (?, ?, ?, ?, ?, ?, ?)  [["url", "pixnet.net"], ["rank", 90], ["reach", 15957000000], ["page_views_per_user", 3.507], ["page_views_per_million", 686], ["created_at", "2015-12-31 14:09:08.370965"], ["updated_at", "2015-12-31 14:09:08.370965"]]
  [1m[36m (2.5ms)[0m  [1mcommit transaction[0m
  [1m[35m (0.1ms)[0m  begin transaction
  [1m[36mSQL (4.1ms)[0m  [1mINSERT INTO "websites" ("url", "rank", "reach", "page_views_per_user", "page_views_per_million", "created_at", "updated_at") VALUES (?, ?, ?, ?, ?, ?, ?)[0m  [["url", "google.pl"], ["rank", 91], ["reach", 7700000000], ["page_views_per_user", 13.38], ["page_views_per_million", 1264], ["created_at", "2015-12-31 14:09:08.378953"], ["updated_at", "2015-12-31 14:09:08.378953"]]
  [1m[35m (2.9ms)[0m  commit transaction
  [1m[36m (0.1ms)[0m  [1mbegin transaction[0m
  [1m[35mSQL (3.3ms)[0m  INSERT INTO "websites" ("url", "rank", "reach", "page_views_per_user", "page_views_per_million", "created_at", "updated_at") VALUES (?, ?, ?, ?, ?, ?, ?)  [["url", "google.com.au"], ["rank", 92], ["reach", 7870000000], ["page_views_per_user", 11.61], ["page_views_per_million", 1120], ["created_at", "2015-12-31 14:09:08.387846"], ["updated_at", "2015-12-31 14:09:08.387846"]]
  [1m[36m (2.9ms)[0m  [1mcommit transaction[0m
  [1m[35m (0.1ms)[0m  begin transaction
  [1m[36mSQL (4.0ms)[0m  [1mINSERT INTO "websites" ("url", "rank", "reach", "page_views_per_user", "page_views_per_million", "created_at", "updated_at") VALUES (?, ?, ?, ?, ?, ?, ?)[0m  [["url", "office.com"], ["rank", 93], ["reach", 10640000000], ["page_views_per_user", 3.18], ["page_views_per_million", 414], ["created_at", "2015-12-31 14:09:08.395973"], ["updated_at", "2015-12-31 14:09:08.395973"]]
  [1m[35m (2.4ms)[0m  commit transaction
  [1m[36m (0.1ms)[0m  [1mbegin transaction[0m
  [1m[35mSQL (3.8ms)[0m  INSERT INTO "websites" ("url", "rank", "reach", "page_views_per_user", "page_views_per_million", "created_at", "updated_at") VALUES (?, ?, ?, ?, ?, ?, ?)  [["url", "wikia.com"], ["rank", 94], ["reach", 9340000000], ["page_views_per_user", 5.11], ["page_views_per_million", 585], ["created_at", "2015-12-31 14:09:08.404503"], ["updated_at", "2015-12-31 14:09:08.404503"]]
  [1m[36m (2.7ms)[0m  [1mcommit transaction[0m
  [1m[35m (0.1ms)[0m  begin transaction
  [1m[36mSQL (3.1ms)[0m  [1mINSERT INTO "websites" ("url", "rank", "reach", "page_views_per_user", "page_views_per_million", "created_at", "updated_at") VALUES (?, ?, ?, ?, ?, ?, ?)[0m  [["url", "flipkart.com"], ["rank", 95], ["reach", 8250000000], ["page_views_per_user", 8.57], ["page_views_per_million", 866], ["created_at", "2015-12-31 14:09:08.412950"], ["updated_at", "2015-12-31 14:09:08.412950"]]
  [1m[35m (2.9ms)[0m  commit transaction
  [1m[36m (0.1ms)[0m  [1mbegin transaction[0m
  [1m[35mSQL (3.5ms)[0m  INSERT INTO "websites" ("url", "rank", "reach", "page_views_per_user", "page_views_per_million", "created_at", "updated_at") VALUES (?, ?, ?, ?, ?, ?, ?)  [["url", "bbc.co.uk"], ["rank", 96], ["reach", 9640000000], ["page_views_per_user", 4.47], ["page_views_per_million", 528], ["created_at", "2015-12-31 14:09:08.421006"], ["updated_at", "2015-12-31 14:09:08.421006"]]
  [1m[36m (2.1ms)[0m  [1mcommit transaction[0m
  [1m[35m (0.1ms)[0m  begin transaction
  [1m[36mSQL (4.5ms)[0m  [1mINSERT INTO "websites" ("url", "rank", "reach", "page_views_per_user", "page_views_per_million", "created_at", "updated_at") VALUES (?, ?, ?, ?, ?, ?, ?)[0m  [["url", "dropbox.com"], ["rank", 97], ["reach", 10200000000], ["page_views_per_user", 3.39], ["page_views_per_million", 423], ["created_at", "2015-12-31 14:09:08.429077"], ["updated_at", "2015-12-31 14:09:08.429077"]]
  [1m[35m (3.4ms)[0m  commit transaction
  [1m[36m (0.1ms)[0m  [1mbegin transaction[0m
  [1m[35mSQL (3.5ms)[0m  INSERT INTO "websites" ("url", "rank", "reach", "page_views_per_user", "page_views_per_million", "created_at", "updated_at") VALUES (?, ?, ?, ?, ?, ?, ?)  [["url", "popads.net"], ["rank", 98], ["reach", 10710000000], ["page_views_per_user", 2.62], ["page_views_per_million", 343], ["created_at", "2015-12-31 14:09:08.439868"], ["updated_at", "2015-12-31 14:09:08.439868"]]
  [1m[36m (2.9ms)[0m  [1mcommit transaction[0m
  [1m[35m (0.1ms)[0m  begin transaction
  [1m[36mSQL (3.7ms)[0m  [1mINSERT INTO "websites" ("url", "rank", "reach", "page_views_per_user", "page_views_per_million", "created_at", "updated_at") VALUES (?, ?, ?, ?, ?, ?, ?)[0m  [["url", "indiatimes.com"], ["rank", 99], ["reach", 8720000000], ["page_views_per_user", 5.35], ["page_views_per_million", 571], ["created_at", "2015-12-31 14:09:08.448630"], ["updated_at", "2015-12-31 14:09:08.448630"]]
  [1m[35m (2.2ms)[0m  commit transaction
  [1m[36m (0.0ms)[0m  [1mbegin transaction[0m
  [1m[35mSQL (3.2ms)[0m  INSERT INTO "websites" ("url", "rank", "reach", "page_views_per_user", "page_views_per_million", "created_at", "updated_at") VALUES (?, ?, ?, ?, ?, ?, ?)  [["url", "ebay.de"], ["rank", 100], ["reach", 6770000000], ["page_views_per_user", 16.65], ["page_views_per_million", 1382], ["created_at", "2015-12-31 14:09:08.456211"], ["updated_at", "2015-12-31 14:09:08.456211"]]
  [1m[36m (3.4ms)[0m  [1mcommit transaction[0m
  [1m[36mWebsite Load (8.9ms)[0m  [1mSELECT "websites".* FROM "websites"[0m
  [1m[35mWebsite Load (2.0ms)[0m  SELECT  "websites".* FROM "websites"  ORDER BY "websites"."id" ASC LIMIT 1
  [1m[36mWebsite Load (1.9ms)[0m  [1mSELECT  "websites".* FROM "websites"  ORDER BY "websites"."id" ASC LIMIT 1[0m
  [1m[35m (2.1ms)[0m  SELECT COUNT(*) FROM "websites"


Started GET "/website/" for 192.168.33.1 at 2015-12-31 14:09:35 +0000
  [1m[36mActiveRecord::SchemaMigration Load (1.9ms)[0m  [1mSELECT "schema_migrations".* FROM "schema_migrations"[0m
Processing by WebsiteController#index as HTML
  [1m[35mWebsite Load (3.4ms)[0m  SELECT "websites".* FROM "websites"
Completed 200 OK in 79ms (Views: 58.5ms | ActiveRecord: 5.2ms)


Started GET "/website/11" for 192.168.33.1 at 2015-12-31 14:10:00 +0000
Processing by WebsiteController#show as HTML
  Parameters: {"id"=>"11"}
  [1m[36mWebsite Load (2.0ms)[0m  [1mSELECT  "websites".* FROM "websites" WHERE "websites"."id" = ? LIMIT 1[0m  [["id", 11]]
Completed 200 OK in 33ms (Views: 0.5ms | ActiveRecord: 2.0ms)


Started GET "/website/" for 192.168.33.1 at 2015-12-31 15:02:40 +0000
  [1m[36mActiveRecord::SchemaMigration Load (1.6ms)[0m  [1mSELECT "schema_migrations".* FROM "schema_migrations"[0m
Processing by WebsiteController#index as HTML
  [1m[35mWebsite Load (3.8ms)[0m  SELECT "websites".* FROM "websites"
Completed 200 OK in 81ms (Views: 55.0ms | ActiveRecord: 7.0ms)
